[ 2016-05-21T14:18:51+08:00 ] 111.199.51.86 /index.php?m=admin&c=Login&a=index
INFO: [ app_init ] --START--
INFO: Run Behavior\BuildLiteBehavior [ RunTime:0.000014s ]
INFO: [ app_init ] --END-- [ RunTime:0.000092s ]
INFO: [ app_begin ] --START--
INFO: Run Behavior\ReadHtmlCacheBehavior [ RunTime:0.000049s ]
INFO: [ app_begin ] --END-- [ RunTime:0.000093s ]
INFO: [ view_parse ] --START--
INFO: [ template_filter ] --START--
INFO: Run Behavior\ContentReplaceBehavior [ RunTime:0.000058s ]
INFO: [ template_filter ] --END-- [ RunTime:0.000105s ]
INFO: Run Behavior\ParseTemplateBehavior [ RunTime:0.002217s ]
INFO: [ view_parse ] --END-- [ RunTime:0.002257s ]
INFO: [ view_filter ] --START--
INFO: Run Behavior\WriteHtmlCacheBehavior [ RunTime:0.000040s ]
INFO: [ view_filter ] --END-- [ RunTime:0.000069s ]
INFO: [ app_end ] --START--
INFO: Run Behavior\ShowPageTraceBehavior [ RunTime:0.000044s ]
INFO: [ app_end ] --END-- [ RunTime:0.000074s ]

[ 2016-05-21T14:18:56+08:00 ] 111.199.51.86 /index.php/Admin/Login/checkManager
INFO: [ app_init ] --START--
INFO: Run Behavior\BuildLiteBehavior [ RunTime:0.000014s ]
INFO: [ app_init ] --END-- [ RunTime:0.000104s ]
INFO: [ app_begin ] --START--
INFO: Run Behavior\ReadHtmlCacheBehavior [ RunTime:0.000030s ]
INFO: [ app_begin ] --END-- [ RunTime:0.000063s ]
SQL: SHOW COLUMNS FROM `manage` [ RunTime:0.0012s ]
NOTIC: [8] Undefined index: validate /data/wwwroot/zzb/ThinkPHP/Library/Think/Model.class.php 第 1185 行.
NOTIC: [8] Undefined index: auto /data/wwwroot/zzb/ThinkPHP/Library/Think/Model.class.php 第 1128 行.
SQL: SELECT `id`,`manager` FROM `manage` WHERE `manager` = 'admin' AND `password` = '7c4a8d09ca3762af61e59520943dc26494f8941b' LIMIT 1   [ RunTime:0.0005s ]
SQL: UPDATE `manage` SET `last_login`='1463811536',`last_ip`='1875325782' WHERE `id` = 1 [ RunTime:0.0006s ]
INFO: [ app_end ] --START--
INFO: Run Behavior\ShowPageTraceBehavior [ RunTime:0.000033s ]
INFO: [ app_end ] --END-- [ RunTime:0.000064s ]

[ 2016-05-21T14:18:56+08:00 ] 111.199.51.86 /index.php?m=Admin&c=Index&a=index
INFO: [ app_init ] --START--
INFO: Run Behavior\BuildLiteBehavior [ RunTime:0.000011s ]
INFO: [ app_init ] --END-- [ RunTime:0.000069s ]
INFO: [ app_begin ] --START--
INFO: Run Behavior\ReadHtmlCacheBehavior [ RunTime:0.000033s ]
INFO: [ app_begin ] --END-- [ RunTime:0.000067s ]
SQL: SHOW COLUMNS FROM `auth_group_access` [ RunTime:0.0009s ]
SQL: SELECT `uid`,`group_id`,`title`,`rules` FROM auth_group_access a INNER JOIN auth_group g on a.group_id=g.id  WHERE ( a.uid='1' and g.status='1' )  [ RunTime:0.0006s ]
SQL: SHOW COLUMNS FROM `auth_rule` [ RunTime:0.0008s ]
SQL: SELECT `title` FROM `auth_rule` WHERE `id` IN ('1','2','5','6')  [ RunTime:0.0005s ]
SQL: SHOW COLUMNS FROM `nav` [ RunTime:0.0007s ]
SQL: SELECT `id`,`text`,`state`,`iconCls`,`url` FROM `nav` WHERE `nid` = 0 AND `text` IN ('系统管理','会员管理','学校管理','代理商')  [ RunTime:0.0005s ]
SQL: SHOW COLUMNS FROM `nav` [ RunTime:0.0007s ]
SQL: SELECT * FROM `nav` WHERE `nid` = 1  [ RunTime:0.0004s ]
SQL: SELECT * FROM `nav` WHERE `nid` = 11  [ RunTime:0.0004s ]
SQL: SELECT * FROM `nav` WHERE `nid` = 4  [ RunTime:0.0004s ]
SQL: SELECT * FROM `nav` WHERE `nid` = 14  [ RunTime:0.0004s ]
INFO: [ view_parse ] --START--
INFO: [ template_filter ] --START--
INFO: Run Behavior\ContentReplaceBehavior [ RunTime:0.000087s ]
INFO: [ template_filter ] --END-- [ RunTime:0.000127s ]
INFO: Run Behavior\ParseTemplateBehavior [ RunTime:0.006593s ]
INFO: [ view_parse ] --END-- [ RunTime:0.006632s ]
INFO: [ view_filter ] --START--
INFO: Run Behavior\WriteHtmlCacheBehavior [ RunTime:0.000031s ]
INFO: [ view_filter ] --END-- [ RunTime:0.000061s ]
INFO: [ app_end ] --START--
INFO: Run Behavior\ShowPageTraceBehavior [ RunTime:0.000034s ]
INFO: [ app_end ] --END-- [ RunTime:0.000068s ]

[ 2016-05-21T14:19:14+08:00 ] 111.199.51.86 /index.php/Admin/Manage/index
INFO: [ app_init ] --START--
INFO: Run Behavior\BuildLiteBehavior [ RunTime:0.000020s ]
INFO: [ app_init ] --END-- [ RunTime:0.000097s ]
INFO: [ app_begin ] --START--
INFO: Run Behavior\ReadHtmlCacheBehavior [ RunTime:0.000030s ]
INFO: [ app_begin ] --END-- [ RunTime:0.000062s ]
SQL: SHOW COLUMNS FROM `manage` [ RunTime:0.0011s ]
SQL: SELECT COUNT(*) AS tp_count FROM `manage` LIMIT 1   [ RunTime:0.0005s ]
NOTIC: [8] Undefined variable: _pagelist /data/wwwroot/zzb/Application/Admin/Common/function.php 第 16 行.
NOTIC: [8] Undefined variable: n /data/wwwroot/zzb/Application/Admin/Common/function.php 第 33 行.
SQL: SELECT * FROM `manage` ORDER BY id desc LIMIT 0,1   [ RunTime:0.0006s ]
SQL: SHOW COLUMNS FROM `auth_group_access` [ RunTime:0.0007s ]
SQL: SELECT `uid`,`group_id`,`title`,`rules` FROM auth_group_access a INNER JOIN auth_group g on a.group_id=g.id  WHERE ( a.uid='25' and g.status='1' )  [ RunTime:0.0006s ]
SQL: SHOW COLUMNS FROM `auth_group` [ RunTime:0.0007s ]
SQL: SELECT * FROM `auth_group`  [ RunTime:0.0004s ]
INFO: [ view_parse ] --START--
INFO: [ template_filter ] --START--
INFO: Run Behavior\ContentReplaceBehavior [ RunTime:0.000063s ]
INFO: [ template_filter ] --END-- [ RunTime:0.000099s ]
INFO: Run Behavior\ParseTemplateBehavior [ RunTime:0.006292s ]
INFO: [ view_parse ] --END-- [ RunTime:0.006327s ]
INFO: [ view_filter ] --START--
INFO: Run Behavior\WriteHtmlCacheBehavior [ RunTime:0.000031s ]
INFO: [ view_filter ] --END-- [ RunTime:0.000057s ]
INFO: [ app_end ] --START--
INFO: Run Behavior\ShowPageTraceBehavior [ RunTime:0.000033s ]
INFO: [ app_end ] --END-- [ RunTime:0.000068s ]

[ 2016-05-21T14:19:15+08:00 ] 111.199.51.86 /index.php/Admin/AuthGroup/index
INFO: [ app_init ] --START--
INFO: Run Behavior\BuildLiteBehavior [ RunTime:0.000014s ]
INFO: [ app_init ] --END-- [ RunTime:0.000096s ]
INFO: [ app_begin ] --START--
INFO: Run Behavior\ReadHtmlCacheBehavior [ RunTime:0.000056s ]
INFO: [ app_begin ] --END-- [ RunTime:0.000094s ]
SQL: SHOW COLUMNS FROM `auth_group` [ RunTime:0.0012s ]
SQL: SELECT COUNT(*) AS tp_count FROM `auth_group` LIMIT 1   [ RunTime:0.0007s ]
NOTIC: [8] Undefined variable: _pagelist /data/wwwroot/zzb/Application/Admin/Common/function.php 第 16 行.
NOTIC: [8] Undefined variable: n /data/wwwroot/zzb/Application/Admin/Common/function.php 第 33 行.
SQL: SELECT * FROM `auth_group` LIMIT 0,1   [ RunTime:0.0005s ]
SQL: SHOW COLUMNS FROM `auth_rule` [ RunTime:0.0010s ]
SQL: SELECT * FROM `auth_rule` WHERE `id` = 1 LIMIT 1   [ RunTime:0.0088s ]
SQL: SELECT * FROM `auth_rule` WHERE `id` = 2 LIMIT 1   [ RunTime:0.0032s ]
SQL: SELECT * FROM `auth_rule` WHERE `id` = 5 LIMIT 1   [ RunTime:0.0005s ]
SQL: SELECT * FROM `auth_rule` WHERE `id` = 6 LIMIT 1   [ RunTime:0.0005s ]
SQL: SELECT * FROM `auth_rule`  [ RunTime:0.0005s ]
INFO: [ view_parse ] --START--
INFO: [ template_filter ] --START--
INFO: Run Behavior\ContentReplaceBehavior [ RunTime:0.000062s ]
INFO: [ template_filter ] --END-- [ RunTime:0.000113s ]
INFO: Run Behavior\ParseTemplateBehavior [ RunTime:0.006175s ]
INFO: [ view_parse ] --END-- [ RunTime:0.006217s ]
INFO: [ view_filter ] --START--
INFO: Run Behavior\WriteHtmlCacheBehavior [ RunTime:0.000040s ]
INFO: [ view_filter ] --END-- [ RunTime:0.000075s ]
INFO: [ app_end ] --START--
INFO: Run Behavior\ShowPageTraceBehavior [ RunTime:0.000037s ]
INFO: [ app_end ] --END-- [ RunTime:0.000092s ]

[ 2016-05-21T14:19:16+08:00 ] 111.199.51.86 /index.php/Admin/Manage/index
INFO: [ app_init ] --START--
INFO: Run Behavior\BuildLiteBehavior [ RunTime:0.000014s ]
INFO: [ app_init ] --END-- [ RunTime:0.000088s ]
INFO: [ app_begin ] --START--
INFO: Run Behavior\ReadHtmlCacheBehavior [ RunTime:0.000048s ]
INFO: [ app_begin ] --END-- [ RunTime:0.000090s ]
SQL: SHOW COLUMNS FROM `manage` [ RunTime:0.0013s ]
SQL: SELECT COUNT(*) AS tp_count FROM `manage` LIMIT 1   [ RunTime:0.0004s ]
NOTIC: [8] Undefined variable: _pagelist /data/wwwroot/zzb/Application/Admin/Common/function.php 第 16 行.
NOTIC: [8] Undefined variable: n /data/wwwroot/zzb/Application/Admin/Common/function.php 第 33 行.
SQL: SELECT * FROM `manage` ORDER BY id desc LIMIT 0,1   [ RunTime:0.0005s ]
SQL: SHOW COLUMNS FROM `auth_group_access` [ RunTime:0.0007s ]
SQL: SELECT `uid`,`group_id`,`title`,`rules` FROM auth_group_access a INNER JOIN auth_group g on a.group_id=g.id  WHERE ( a.uid='25' and g.status='1' )  [ RunTime:0.0006s ]
SQL: SHOW COLUMNS FROM `auth_group` [ RunTime:0.0007s ]
SQL: SELECT * FROM `auth_group`  [ RunTime:0.0007s ]
INFO: [ view_parse ] --START--
INFO: [ template_filter ] --START--
INFO: Run Behavior\ContentReplaceBehavior [ RunTime:0.000058s ]
INFO: [ template_filter ] --END-- [ RunTime:0.000095s ]
INFO: Run Behavior\ParseTemplateBehavior [ RunTime:0.006374s ]
INFO: [ view_parse ] --END-- [ RunTime:0.006410s ]
INFO: [ view_filter ] --START--
INFO: Run Behavior\WriteHtmlCacheBehavior [ RunTime:0.000032s ]
INFO: [ view_filter ] --END-- [ RunTime:0.000058s ]
INFO: [ app_end ] --START--
INFO: Run Behavior\ShowPageTraceBehavior [ RunTime:0.000030s ]
INFO: [ app_end ] --END-- [ RunTime:0.000062s ]

[ 2016-05-21T14:19:18+08:00 ] 111.199.51.86 /index.php/Admin/School/index
INFO: [ app_init ] --START--
INFO: Run Behavior\BuildLiteBehavior [ RunTime:0.000018s ]
INFO: [ app_init ] --END-- [ RunTime:0.000168s ]
INFO: [ app_begin ] --START--
INFO: Run Behavior\ReadHtmlCacheBehavior [ RunTime:0.000032s ]
INFO: [ app_begin ] --END-- [ RunTime:0.000066s ]
SQL: SHOW COLUMNS FROM `school` [ RunTime:0.0011s ]
SQL: SELECT COUNT(*) AS tp_count FROM `school` LIMIT 1   [ RunTime:0.0004s ]
NOTIC: [8] Undefined variable: _pagelist /data/wwwroot/zzb/Application/Admin/Common/function.php 第 16 行.
NOTIC: [8] Undefined variable: n /data/wwwroot/zzb/Application/Admin/Common/function.php 第 33 行.
SQL: SELECT * FROM `school` LIMIT 0,1   [ RunTime:0.0005s ]
INFO: [ view_parse ] --START--
INFO: [ template_filter ] --START--
INFO: Run Behavior\ContentReplaceBehavior [ RunTime:0.000062s ]
INFO: [ template_filter ] --END-- [ RunTime:0.000116s ]
INFO: Run Behavior\ParseTemplateBehavior [ RunTime:0.005082s ]
INFO: [ view_parse ] --END-- [ RunTime:0.005119s ]
INFO: [ view_filter ] --START--
INFO: Run Behavior\WriteHtmlCacheBehavior [ RunTime:0.000040s ]
INFO: [ view_filter ] --END-- [ RunTime:0.000070s ]
INFO: [ app_end ] --START--
INFO: Run Behavior\ShowPageTraceBehavior [ RunTime:0.000029s ]
INFO: [ app_end ] --END-- [ RunTime:0.000059s ]

