[ 2016-05-10T22:06:17+08:00 ] 114.254.67.158 /index.php?m=admin&c=Index&a=index
INFO: [ app_init ] --START--
INFO: Run Behavior\BuildLiteBehavior [ RunTime:0.000014s ]
INFO: [ app_init ] --END-- [ RunTime:0.000086s ]
INFO: [ app_begin ] --START--
INFO: Run Behavior\ReadHtmlCacheBehavior [ RunTime:0.000034s ]
INFO: [ app_begin ] --END-- [ RunTime:0.000071s ]

[ 2016-05-10T22:06:17+08:00 ] 114.254.67.158 /index.php?m=Admin&c=Login&a=index
INFO: [ app_init ] --START--
INFO: Run Behavior\BuildLiteBehavior [ RunTime:0.000013s ]
INFO: [ app_init ] --END-- [ RunTime:0.000086s ]
INFO: [ app_begin ] --START--
INFO: Run Behavior\ReadHtmlCacheBehavior [ RunTime:0.000032s ]
INFO: [ app_begin ] --END-- [ RunTime:0.000067s ]
INFO: [ view_parse ] --START--
INFO: [ template_filter ] --START--
INFO: Run Behavior\ContentReplaceBehavior [ RunTime:0.000045s ]
INFO: [ template_filter ] --END-- [ RunTime:0.000083s ]
INFO: Run Behavior\ParseTemplateBehavior [ RunTime:0.001523s ]
INFO: [ view_parse ] --END-- [ RunTime:0.001560s ]
INFO: [ view_filter ] --START--
INFO: Run Behavior\WriteHtmlCacheBehavior [ RunTime:0.000031s ]
INFO: [ view_filter ] --END-- [ RunTime:0.000059s ]
INFO: [ app_end ] --START--
INFO: Run Behavior\ShowPageTraceBehavior [ RunTime:0.000028s ]
INFO: [ app_end ] --END-- [ RunTime:0.000057s ]

[ 2016-05-10T22:06:25+08:00 ] 114.254.67.158 /index.php/Admin/Login/checkManager
INFO: [ app_init ] --START--
INFO: Run Behavior\BuildLiteBehavior [ RunTime:0.000017s ]
INFO: [ app_init ] --END-- [ RunTime:0.000123s ]
INFO: [ app_begin ] --START--
INFO: Run Behavior\ReadHtmlCacheBehavior [ RunTime:0.000066s ]
INFO: [ app_begin ] --END-- [ RunTime:0.000105s ]
SQL: SHOW COLUMNS FROM `manage` [ RunTime:0.0028s ]
NOTIC: [8] Undefined index: validate /data/wwwroot/zzb/ThinkPHP/Library/Think/Model.class.php 第 1185 行.
NOTIC: [8] Undefined index: auto /data/wwwroot/zzb/ThinkPHP/Library/Think/Model.class.php 第 1128 行.
SQL: SELECT `id`,`manager` FROM `manage` WHERE `manager` = 'admin' AND `password` = '7c4a8d09ca3762af61e59520943dc26494f8941b' LIMIT 1   [ RunTime:0.0066s ]
SQL: UPDATE `manage` SET `last_login`='1462889184',`last_ip`='1929266078' WHERE `id` = 1 [ RunTime:0.0006s ]
INFO: [ app_end ] --START--
INFO: Run Behavior\ShowPageTraceBehavior [ RunTime:0.000071s ]
INFO: [ app_end ] --END-- [ RunTime:0.000107s ]

[ 2016-05-10T22:06:25+08:00 ] 114.254.67.158 /index.php?m=Admin&c=Index&a=index
INFO: [ app_init ] --START--
INFO: Run Behavior\BuildLiteBehavior [ RunTime:0.000014s ]
INFO: [ app_init ] --END-- [ RunTime:0.000087s ]
INFO: [ app_begin ] --START--
INFO: Run Behavior\ReadHtmlCacheBehavior [ RunTime:0.000033s ]
INFO: [ app_begin ] --END-- [ RunTime:0.000067s ]
INFO: [ view_parse ] --START--
INFO: [ template_filter ] --START--
INFO: Run Behavior\ContentReplaceBehavior [ RunTime:0.000054s ]
INFO: [ template_filter ] --END-- [ RunTime:0.000093s ]
INFO: Run Behavior\ParseTemplateBehavior [ RunTime:0.002099s ]
INFO: [ view_parse ] --END-- [ RunTime:0.002137s ]
INFO: [ view_filter ] --START--
INFO: Run Behavior\WriteHtmlCacheBehavior [ RunTime:0.000032s ]
INFO: [ view_filter ] --END-- [ RunTime:0.000060s ]
INFO: [ app_end ] --START--
INFO: Run Behavior\ShowPageTraceBehavior [ RunTime:0.000029s ]
INFO: [ app_end ] --END-- [ RunTime:0.000059s ]

[ 2016-05-10T22:06:25+08:00 ] 114.254.67.158 /index.php/Admin/Index/getNav
INFO: [ app_init ] --START--
INFO: Run Behavior\BuildLiteBehavior [ RunTime:0.000018s ]
INFO: [ app_init ] --END-- [ RunTime:0.000133s ]
INFO: [ app_begin ] --START--
INFO: Run Behavior\ReadHtmlCacheBehavior [ RunTime:0.000051s ]
INFO: [ app_begin ] --END-- [ RunTime:0.000094s ]
SQL: SHOW COLUMNS FROM `auth_group_access` [ RunTime:0.0009s ]
SQL: SELECT `uid`,`group_id`,`title`,`rules` FROM auth_group_access a INNER JOIN auth_group g on a.group_id=g.id  WHERE ( a.uid='1' and g.status='1' )  [ RunTime:0.0033s ]
SQL: SHOW COLUMNS FROM `auth_rule` [ RunTime:0.0008s ]
SQL: SELECT `title` FROM `auth_rule` WHERE `id` IN ('1','2','4','5')  [ RunTime:0.0013s ]
SQL: SHOW COLUMNS FROM `nav` [ RunTime:0.0007s ]
SQL: SELECT `id`,`text`,`state`,`iconCls`,`url` FROM `nav` WHERE `nid` = 0  [ RunTime:0.0013s ]

[ 2016-05-10T22:06:25+08:00 ] 114.254.67.158 /index.php/Admin/Index/getNav
INFO: [ app_init ] --START--
INFO: Run Behavior\BuildLiteBehavior [ RunTime:0.000012s ]
INFO: [ app_init ] --END-- [ RunTime:0.000089s ]
INFO: [ app_begin ] --START--
INFO: Run Behavior\ReadHtmlCacheBehavior [ RunTime:0.000050s ]
INFO: [ app_begin ] --END-- [ RunTime:0.000085s ]
SQL: SHOW COLUMNS FROM `auth_group_access` [ RunTime:0.0007s ]
SQL: SELECT `uid`,`group_id`,`title`,`rules` FROM auth_group_access a INNER JOIN auth_group g on a.group_id=g.id  WHERE ( a.uid='1' and g.status='1' )  [ RunTime:0.0431s ]
SQL: SHOW COLUMNS FROM `auth_rule` [ RunTime:0.0008s ]
SQL: SELECT `title` FROM `auth_rule` WHERE `id` IN ('1','2','4','5')  [ RunTime:0.0005s ]
SQL: SHOW COLUMNS FROM `nav` [ RunTime:0.0007s ]
SQL: SELECT `id`,`text`,`state`,`iconCls`,`url` FROM `nav` WHERE `nid` = 11 AND `text` IN ('管理员管理','会员列表','权限控制','学校列表')  [ RunTime:0.0005s ]

[ 2016-05-10T22:06:25+08:00 ] 114.254.67.158 /index.php/Admin/Index/getNav
INFO: [ app_init ] --START--
INFO: Run Behavior\BuildLiteBehavior [ RunTime:0.000013s ]
INFO: [ app_init ] --END-- [ RunTime:0.000080s ]
INFO: [ app_begin ] --START--
INFO: Run Behavior\ReadHtmlCacheBehavior [ RunTime:0.000030s ]
INFO: [ app_begin ] --END-- [ RunTime:0.000075s ]
SQL: SHOW COLUMNS FROM `auth_group_access` [ RunTime:0.0009s ]
SQL: SELECT `uid`,`group_id`,`title`,`rules` FROM auth_group_access a INNER JOIN auth_group g on a.group_id=g.id  WHERE ( a.uid='1' and g.status='1' )  [ RunTime:0.0006s ]
SQL: SHOW COLUMNS FROM `auth_rule` [ RunTime:0.0008s ]
SQL: SELECT `title` FROM `auth_rule` WHERE `id` IN ('1','2','4','5')  [ RunTime:0.0005s ]
SQL: SHOW COLUMNS FROM `nav` [ RunTime:0.0008s ]
SQL: SELECT `id`,`text`,`state`,`iconCls`,`url` FROM `nav` WHERE `nid` = 4 AND `text` IN ('管理员管理','会员列表','权限控制','学校列表')  [ RunTime:0.0005s ]

[ 2016-05-10T22:06:25+08:00 ] 114.254.67.158 /index.php/Admin/Index/getNav
INFO: [ app_init ] --START--
INFO: Run Behavior\BuildLiteBehavior [ RunTime:0.000011s ]
INFO: [ app_init ] --END-- [ RunTime:0.000085s ]
INFO: [ app_begin ] --START--
INFO: Run Behavior\ReadHtmlCacheBehavior [ RunTime:0.000046s ]
INFO: [ app_begin ] --END-- [ RunTime:0.000079s ]
SQL: SHOW COLUMNS FROM `auth_group_access` [ RunTime:0.0008s ]
SQL: SELECT `uid`,`group_id`,`title`,`rules` FROM auth_group_access a INNER JOIN auth_group g on a.group_id=g.id  WHERE ( a.uid='1' and g.status='1' )  [ RunTime:0.0005s ]
SQL: SHOW COLUMNS FROM `auth_rule` [ RunTime:0.0009s ]
SQL: SELECT `title` FROM `auth_rule` WHERE `id` IN ('1','2','4','5')  [ RunTime:0.0004s ]
SQL: SHOW COLUMNS FROM `nav` [ RunTime:0.0007s ]
SQL: SELECT `id`,`text`,`state`,`iconCls`,`url` FROM `nav` WHERE `nid` = 1 AND `text` IN ('管理员管理','会员列表','权限控制','学校列表')  [ RunTime:0.0005s ]

[ 2016-05-10T22:06:44+08:00 ] 114.254.67.158 /index.php/Admin/Manage/index?_=1462889183837
INFO: [ app_init ] --START--
INFO: Run Behavior\BuildLiteBehavior [ RunTime:0.000015s ]
INFO: [ app_init ] --END-- [ RunTime:0.000088s ]
INFO: [ app_begin ] --START--
INFO: Run Behavior\ReadHtmlCacheBehavior [ RunTime:0.000033s ]
INFO: [ app_begin ] --END-- [ RunTime:0.000065s ]
INFO: [ view_parse ] --START--
INFO: [ template_filter ] --START--
INFO: Run Behavior\ContentReplaceBehavior [ RunTime:0.000046s ]
INFO: [ template_filter ] --END-- [ RunTime:0.000085s ]
INFO: Run Behavior\ParseTemplateBehavior [ RunTime:0.001533s ]
INFO: [ view_parse ] --END-- [ RunTime:0.001570s ]
INFO: [ view_filter ] --START--
INFO: Run Behavior\WriteHtmlCacheBehavior [ RunTime:0.000031s ]
INFO: [ view_filter ] --END-- [ RunTime:0.000057s ]
INFO: [ app_end ] --START--
INFO: Run Behavior\ShowPageTraceBehavior [ RunTime:0.000025s ]
INFO: [ app_end ] --END-- [ RunTime:0.000053s ]

[ 2016-05-10T22:06:45+08:00 ] 114.254.67.158 /index.php/Admin/Manage/getList
INFO: [ app_init ] --START--
INFO: Run Behavior\BuildLiteBehavior [ RunTime:0.000014s ]
INFO: [ app_init ] --END-- [ RunTime:0.000086s ]
INFO: [ app_begin ] --START--
INFO: Run Behavior\ReadHtmlCacheBehavior [ RunTime:0.000030s ]
INFO: [ app_begin ] --END-- [ RunTime:0.000062s ]
SQL: SHOW COLUMNS FROM `manage` [ RunTime:0.0010s ]
SQL: SELECT `id`,`manager`,`create`,`last_login`,`last_ip` FROM `manage` ORDER BY `create` DESC LIMIT 0,20   [ RunTime:0.0007s ]
SQL: SHOW COLUMNS FROM `auth_group_access` [ RunTime:0.0007s ]
SQL: SELECT `uid`,`group_id`,`title`,`rules` FROM auth_group_access a INNER JOIN auth_group g on a.group_id=g.id  WHERE ( a.uid='13' and g.status='1' )  [ RunTime:0.0005s ]
SQL: SHOW COLUMNS FROM `auth_group_access` [ RunTime:0.0006s ]
SQL: SELECT `uid`,`group_id`,`title`,`rules` FROM auth_group_access a INNER JOIN auth_group g on a.group_id=g.id  WHERE ( a.uid='12' and g.status='1' )  [ RunTime:0.0005s ]
SQL: SHOW COLUMNS FROM `auth_group_access` [ RunTime:0.0006s ]
SQL: SELECT `uid`,`group_id`,`title`,`rules` FROM auth_group_access a INNER JOIN auth_group g on a.group_id=g.id  WHERE ( a.uid='1' and g.status='1' )  [ RunTime:0.0005s ]
SQL: SELECT COUNT(*) AS tp_count FROM `manage` LIMIT 1   [ RunTime:0.0004s ]

[ 2016-05-10T22:06:45+08:00 ] 114.254.67.158 /index.php/Admin/AuthGroup/getListAll
INFO: [ app_init ] --START--
INFO: Run Behavior\BuildLiteBehavior [ RunTime:0.000010s ]
INFO: [ app_init ] --END-- [ RunTime:0.000061s ]
INFO: [ app_begin ] --START--
INFO: Run Behavior\ReadHtmlCacheBehavior [ RunTime:0.000028s ]
INFO: [ app_begin ] --END-- [ RunTime:0.000059s ]
SQL: SHOW COLUMNS FROM `auth_group` [ RunTime:0.0009s ]
SQL: SELECT `id`,`title`,`rules` FROM `auth_group`  [ RunTime:0.0004s ]

[ 2016-05-10T22:06:45+08:00 ] 114.254.67.158 /index.php/Admin/AuthGroup/getListAll
INFO: [ app_init ] --START--
INFO: Run Behavior\BuildLiteBehavior [ RunTime:0.000009s ]
INFO: [ app_init ] --END-- [ RunTime:0.000057s ]
INFO: [ app_begin ] --START--
INFO: Run Behavior\ReadHtmlCacheBehavior [ RunTime:0.000025s ]
INFO: [ app_begin ] --END-- [ RunTime:0.000057s ]
SQL: SHOW COLUMNS FROM `auth_group` [ RunTime:0.0009s ]
SQL: SELECT `id`,`title`,`rules` FROM `auth_group`  [ RunTime:0.0215s ]

[ 2016-05-10T22:07:35+08:00 ] 114.254.67.158 /index.php/Admin/Manage/getList
INFO: [ app_init ] --START--
INFO: Run Behavior\BuildLiteBehavior [ RunTime:0.000014s ]
INFO: [ app_init ] --END-- [ RunTime:0.000086s ]
INFO: [ app_begin ] --START--
INFO: Run Behavior\ReadHtmlCacheBehavior [ RunTime:0.000033s ]
INFO: [ app_begin ] --END-- [ RunTime:0.000068s ]
SQL: SHOW COLUMNS FROM `manage` [ RunTime:0.0050s ]
SQL: SELECT `id`,`manager`,`create`,`last_login`,`last_ip` FROM `manage` ORDER BY `create` DESC LIMIT 0,20   [ RunTime:0.0005s ]
SQL: SHOW COLUMNS FROM `auth_group_access` [ RunTime:0.0007s ]
SQL: SELECT `uid`,`group_id`,`title`,`rules` FROM auth_group_access a INNER JOIN auth_group g on a.group_id=g.id  WHERE ( a.uid='13' and g.status='1' )  [ RunTime:0.0005s ]
SQL: SHOW COLUMNS FROM `auth_group_access` [ RunTime:0.0007s ]
SQL: SELECT `uid`,`group_id`,`title`,`rules` FROM auth_group_access a INNER JOIN auth_group g on a.group_id=g.id  WHERE ( a.uid='12' and g.status='1' )  [ RunTime:0.0005s ]
SQL: SHOW COLUMNS FROM `auth_group_access` [ RunTime:0.0007s ]
SQL: SELECT `uid`,`group_id`,`title`,`rules` FROM auth_group_access a INNER JOIN auth_group g on a.group_id=g.id  WHERE ( a.uid='1' and g.status='1' )  [ RunTime:0.0005s ]
SQL: SELECT COUNT(*) AS tp_count FROM `manage` LIMIT 1   [ RunTime:0.0004s ]

[ 2016-05-10T22:07:36+08:00 ] 114.254.67.158 /index.php/Admin/Manage/getList
INFO: [ app_init ] --START--
INFO: Run Behavior\BuildLiteBehavior [ RunTime:0.000014s ]
INFO: [ app_init ] --END-- [ RunTime:0.000106s ]
INFO: [ app_begin ] --START--
INFO: Run Behavior\ReadHtmlCacheBehavior [ RunTime:0.000030s ]
INFO: [ app_begin ] --END-- [ RunTime:0.000064s ]
SQL: SHOW COLUMNS FROM `manage` [ RunTime:0.0010s ]
SQL: SELECT `id`,`manager`,`create`,`last_login`,`last_ip` FROM `manage` ORDER BY `create` DESC LIMIT 0,20   [ RunTime:0.0005s ]
SQL: SHOW COLUMNS FROM `auth_group_access` [ RunTime:0.0008s ]
SQL: SELECT `uid`,`group_id`,`title`,`rules` FROM auth_group_access a INNER JOIN auth_group g on a.group_id=g.id  WHERE ( a.uid='13' and g.status='1' )  [ RunTime:0.0006s ]
SQL: SHOW COLUMNS FROM `auth_group_access` [ RunTime:0.0006s ]
SQL: SELECT `uid`,`group_id`,`title`,`rules` FROM auth_group_access a INNER JOIN auth_group g on a.group_id=g.id  WHERE ( a.uid='12' and g.status='1' )  [ RunTime:0.0005s ]
SQL: SHOW COLUMNS FROM `auth_group_access` [ RunTime:0.0006s ]
SQL: SELECT `uid`,`group_id`,`title`,`rules` FROM auth_group_access a INNER JOIN auth_group g on a.group_id=g.id  WHERE ( a.uid='1' and g.status='1' )  [ RunTime:0.0005s ]
SQL: SELECT COUNT(*) AS tp_count FROM `manage` LIMIT 1   [ RunTime:0.0004s ]

[ 2016-05-10T22:07:51+08:00 ] 114.254.67.158 /index.php/Admin/Manage/getList
INFO: [ app_init ] --START--
INFO: Run Behavior\BuildLiteBehavior [ RunTime:0.000013s ]
INFO: [ app_init ] --END-- [ RunTime:0.000088s ]
INFO: [ app_begin ] --START--
INFO: Run Behavior\ReadHtmlCacheBehavior [ RunTime:0.000032s ]
INFO: [ app_begin ] --END-- [ RunTime:0.000082s ]
SQL: SHOW COLUMNS FROM `manage` [ RunTime:0.0010s ]
SQL: SELECT `id`,`manager`,`create`,`last_login`,`last_ip` FROM `manage` ORDER BY `create` DESC LIMIT 0,20   [ RunTime:0.0005s ]
SQL: SHOW COLUMNS FROM `auth_group_access` [ RunTime:0.0006s ]
SQL: SELECT `uid`,`group_id`,`title`,`rules` FROM auth_group_access a INNER JOIN auth_group g on a.group_id=g.id  WHERE ( a.uid='13' and g.status='1' )  [ RunTime:0.0006s ]
SQL: SHOW COLUMNS FROM `auth_group_access` [ RunTime:0.0006s ]
SQL: SELECT `uid`,`group_id`,`title`,`rules` FROM auth_group_access a INNER JOIN auth_group g on a.group_id=g.id  WHERE ( a.uid='12' and g.status='1' )  [ RunTime:0.0005s ]
SQL: SHOW COLUMNS FROM `auth_group_access` [ RunTime:0.0006s ]
SQL: SELECT `uid`,`group_id`,`title`,`rules` FROM auth_group_access a INNER JOIN auth_group g on a.group_id=g.id  WHERE ( a.uid='1' and g.status='1' )  [ RunTime:0.0005s ]
SQL: SELECT COUNT(*) AS tp_count FROM `manage` LIMIT 1   [ RunTime:0.0004s ]

[ 2016-05-10T22:07:53+08:00 ] 114.254.67.158 /index.php/Admin/Manage/getList
INFO: [ app_init ] --START--
INFO: Run Behavior\BuildLiteBehavior [ RunTime:0.000014s ]
INFO: [ app_init ] --END-- [ RunTime:0.000088s ]
INFO: [ app_begin ] --START--
INFO: Run Behavior\ReadHtmlCacheBehavior [ RunTime:0.000031s ]
INFO: [ app_begin ] --END-- [ RunTime:0.000064s ]
SQL: SHOW COLUMNS FROM `manage` [ RunTime:0.0010s ]
SQL: SELECT `id`,`manager`,`create`,`last_login`,`last_ip` FROM `manage` WHERE `manager` LIKE '%ad%' ORDER BY `create` DESC LIMIT 0,20   [ RunTime:0.0005s ]
SQL: SHOW COLUMNS FROM `auth_group_access` [ RunTime:0.0006s ]
SQL: SELECT `uid`,`group_id`,`title`,`rules` FROM auth_group_access a INNER JOIN auth_group g on a.group_id=g.id  WHERE ( a.uid='13' and g.status='1' )  [ RunTime:0.0005s ]
SQL: SHOW COLUMNS FROM `auth_group_access` [ RunTime:0.0007s ]
SQL: SELECT `uid`,`group_id`,`title`,`rules` FROM auth_group_access a INNER JOIN auth_group g on a.group_id=g.id  WHERE ( a.uid='1' and g.status='1' )  [ RunTime:0.0005s ]
SQL: SELECT COUNT(*) AS tp_count FROM `manage` WHERE `manager` LIKE '%ad%' LIMIT 1   [ RunTime:0.0004s ]

[ 2016-05-10T22:08:04+08:00 ] 114.254.67.158 /index.php/Admin/AuthGroup/index/?_=1462889183839
INFO: [ app_init ] --START--
INFO: Run Behavior\BuildLiteBehavior [ RunTime:0.000014s ]
INFO: [ app_init ] --END-- [ RunTime:0.000087s ]
INFO: [ app_begin ] --START--
INFO: Run Behavior\ReadHtmlCacheBehavior [ RunTime:0.000034s ]
INFO: [ app_begin ] --END-- [ RunTime:0.000067s ]
INFO: [ view_parse ] --START--
INFO: [ template_filter ] --START--
INFO: Run Behavior\ContentReplaceBehavior [ RunTime:0.000058s ]
INFO: [ template_filter ] --END-- [ RunTime:0.000136s ]
INFO: Run Behavior\ParseTemplateBehavior [ RunTime:0.002126s ]
INFO: [ view_parse ] --END-- [ RunTime:0.002186s ]
INFO: [ view_filter ] --START--
INFO: Run Behavior\WriteHtmlCacheBehavior [ RunTime:0.000037s ]
INFO: [ view_filter ] --END-- [ RunTime:0.000062s ]
INFO: [ app_end ] --START--
INFO: Run Behavior\ShowPageTraceBehavior [ RunTime:0.000026s ]
INFO: [ app_end ] --END-- [ RunTime:0.000055s ]

[ 2016-05-10T22:08:04+08:00 ] 114.254.67.158 /index.php/Admin/AuthGroup/getList
INFO: [ app_init ] --START--
INFO: Run Behavior\BuildLiteBehavior [ RunTime:0.000015s ]
INFO: [ app_init ] --END-- [ RunTime:0.000098s ]
INFO: [ app_begin ] --START--
INFO: Run Behavior\ReadHtmlCacheBehavior [ RunTime:0.000030s ]
INFO: [ app_begin ] --END-- [ RunTime:0.000063s ]
SQL: SHOW COLUMNS FROM `auth_group` [ RunTime:0.0012s ]
SQL: SELECT `id`,`title`,`rules` FROM `auth_group` LIMIT 0,20   [ RunTime:0.0005s ]
SQL: SHOW COLUMNS FROM `auth_rule` [ RunTime:0.0007s ]
SQL: SELECT `title` FROM `auth_rule` WHERE `id` IN ('1','2','4','5')  [ RunTime:0.0005s ]
NOTIC: [8] Undefined index: auth /data/wwwroot/zzb/Application/Admin/Model/AuthGroupModel.class.php 第 18 行.
SQL: SELECT `title` FROM `auth_rule` WHERE `id` IN ('2','5')  [ RunTime:0.0005s ]
NOTIC: [8] Undefined index: auth /data/wwwroot/zzb/Application/Admin/Model/AuthGroupModel.class.php 第 18 行.
SQL: SELECT COUNT(*) AS tp_count FROM `auth_group` WHERE `id` IN ('2','5') LIMIT 1   [ RunTime:0.0004s ]

[ 2016-05-10T22:08:04+08:00 ] 114.254.67.158 /index.php/Admin/Index/getNav
INFO: [ app_init ] --START--
INFO: Run Behavior\BuildLiteBehavior [ RunTime:0.000010s ]
INFO: [ app_init ] --END-- [ RunTime:0.000062s ]
INFO: [ app_begin ] --START--
INFO: Run Behavior\ReadHtmlCacheBehavior [ RunTime:0.000048s ]
INFO: [ app_begin ] --END-- [ RunTime:0.000090s ]
SQL: SHOW COLUMNS FROM `auth_group_access` [ RunTime:0.0009s ]
SQL: SELECT `uid`,`group_id`,`title`,`rules` FROM auth_group_access a INNER JOIN auth_group g on a.group_id=g.id  WHERE ( a.uid='1' and g.status='1' )  [ RunTime:0.0006s ]
SQL: SHOW COLUMNS FROM `auth_rule` [ RunTime:0.0007s ]
SQL: SELECT `title` FROM `auth_rule` WHERE `id` IN ('1','2','4','5')  [ RunTime:0.0005s ]
SQL: SHOW COLUMNS FROM `nav` [ RunTime:0.0007s ]
SQL: SELECT `id`,`text`,`state`,`iconCls`,`url` FROM `nav` WHERE `nid` = 0  [ RunTime:0.0004s ]

[ 2016-05-10T22:08:04+08:00 ] 114.254.67.158 /index.php/Admin/Index/getNav
INFO: [ app_init ] --START--
INFO: Run Behavior\BuildLiteBehavior [ RunTime:0.000010s ]
INFO: [ app_init ] --END-- [ RunTime:0.000088s ]
INFO: [ app_begin ] --START--
INFO: Run Behavior\ReadHtmlCacheBehavior [ RunTime:0.000030s ]
INFO: [ app_begin ] --END-- [ RunTime:0.000077s ]
SQL: SHOW COLUMNS FROM `auth_group_access` [ RunTime:0.0007s ]
SQL: SELECT `uid`,`group_id`,`title`,`rules` FROM auth_group_access a INNER JOIN auth_group g on a.group_id=g.id  WHERE ( a.uid='1' and g.status='1' )  [ RunTime:0.0005s ]
SQL: SHOW COLUMNS FROM `auth_rule` [ RunTime:0.0007s ]
SQL: SELECT `title` FROM `auth_rule` WHERE `id` IN ('1','2','4','5')  [ RunTime:0.0004s ]
SQL: SHOW COLUMNS FROM `nav` [ RunTime:0.0007s ]
SQL: SELECT `id`,`text`,`state`,`iconCls`,`url` FROM `nav` WHERE `nid` = 0  [ RunTime:0.0004s ]

[ 2016-05-10T22:08:04+08:00 ] 114.254.67.158 /index.php/Admin/Index/getNav
INFO: [ app_init ] --START--
INFO: Run Behavior\BuildLiteBehavior [ RunTime:0.000010s ]
INFO: [ app_init ] --END-- [ RunTime:0.000058s ]
INFO: [ app_begin ] --START--
INFO: Run Behavior\ReadHtmlCacheBehavior [ RunTime:0.000030s ]
INFO: [ app_begin ] --END-- [ RunTime:0.000061s ]
SQL: SHOW COLUMNS FROM `auth_group_access` [ RunTime:0.0009s ]
SQL: SELECT `uid`,`group_id`,`title`,`rules` FROM auth_group_access a INNER JOIN auth_group g on a.group_id=g.id  WHERE ( a.uid='1' and g.status='1' )  [ RunTime:0.0006s ]
SQL: SHOW COLUMNS FROM `auth_rule` [ RunTime:0.0008s ]
SQL: SELECT `title` FROM `auth_rule` WHERE `id` IN ('1','2','4','5')  [ RunTime:0.0004s ]
SQL: SHOW COLUMNS FROM `nav` [ RunTime:0.0007s ]
SQL: SELECT `id`,`text`,`state`,`iconCls`,`url` FROM `nav` WHERE `nid` = 11 AND `text` IN ('管理员管理','会员列表','权限控制','学校列表')  [ RunTime:0.0005s ]

[ 2016-05-10T22:08:04+08:00 ] 114.254.67.158 /index.php/Admin/Index/getNav
INFO: [ app_init ] --START--
INFO: Run Behavior\BuildLiteBehavior [ RunTime:0.000009s ]
INFO: [ app_init ] --END-- [ RunTime:0.000057s ]
INFO: [ app_begin ] --START--
INFO: Run Behavior\ReadHtmlCacheBehavior [ RunTime:0.000028s ]
INFO: [ app_begin ] --END-- [ RunTime:0.000061s ]
SQL: SHOW COLUMNS FROM `auth_group_access` [ RunTime:0.0006s ]
SQL: SELECT `uid`,`group_id`,`title`,`rules` FROM auth_group_access a INNER JOIN auth_group g on a.group_id=g.id  WHERE ( a.uid='1' and g.status='1' )  [ RunTime:0.0006s ]
SQL: SHOW COLUMNS FROM `auth_rule` [ RunTime:0.0010s ]
SQL: SELECT `title` FROM `auth_rule` WHERE `id` IN ('1','2','4','5')  [ RunTime:0.0004s ]
SQL: SHOW COLUMNS FROM `nav` [ RunTime:0.0008s ]
SQL: SELECT `id`,`text`,`state`,`iconCls`,`url` FROM `nav` WHERE `nid` = 4 AND `text` IN ('管理员管理','会员列表','权限控制','学校列表')  [ RunTime:0.0005s ]

[ 2016-05-10T22:08:04+08:00 ] 114.254.67.158 /index.php/Admin/Index/getNav
INFO: [ app_init ] --START--
INFO: Run Behavior\BuildLiteBehavior [ RunTime:0.000010s ]
INFO: [ app_init ] --END-- [ RunTime:0.000069s ]
INFO: [ app_begin ] --START--
INFO: Run Behavior\ReadHtmlCacheBehavior [ RunTime:0.000026s ]
INFO: [ app_begin ] --END-- [ RunTime:0.000057s ]
SQL: SHOW COLUMNS FROM `auth_group_access` [ RunTime:0.0006s ]
SQL: SELECT `uid`,`group_id`,`title`,`rules` FROM auth_group_access a INNER JOIN auth_group g on a.group_id=g.id  WHERE ( a.uid='1' and g.status='1' )  [ RunTime:0.0005s ]
SQL: SHOW COLUMNS FROM `auth_rule` [ RunTime:0.0007s ]
SQL: SELECT `title` FROM `auth_rule` WHERE `id` IN ('1','2','4','5')  [ RunTime:0.0004s ]
SQL: SHOW COLUMNS FROM `nav` [ RunTime:0.0007s ]
SQL: SELECT `id`,`text`,`state`,`iconCls`,`url` FROM `nav` WHERE `nid` = 11 AND `text` IN ('管理员管理','会员列表','权限控制','学校列表')  [ RunTime:0.0006s ]

[ 2016-05-10T22:08:04+08:00 ] 114.254.67.158 /index.php/Admin/Index/getNav
INFO: [ app_init ] --START--
INFO: Run Behavior\BuildLiteBehavior [ RunTime:0.000011s ]
INFO: [ app_init ] --END-- [ RunTime:0.000970s ]
INFO: [ app_begin ] --START--
INFO: Run Behavior\ReadHtmlCacheBehavior [ RunTime:0.000030s ]
INFO: [ app_begin ] --END-- [ RunTime:0.000062s ]
SQL: SHOW COLUMNS FROM `auth_group_access` [ RunTime:0.0007s ]
SQL: SELECT `uid`,`group_id`,`title`,`rules` FROM auth_group_access a INNER JOIN auth_group g on a.group_id=g.id  WHERE ( a.uid='1' and g.status='1' )  [ RunTime:0.0005s ]
SQL: SHOW COLUMNS FROM `auth_rule` [ RunTime:0.0010s ]
SQL: SELECT `title` FROM `auth_rule` WHERE `id` IN ('1','2','4','5')  [ RunTime:0.0005s ]
SQL: SHOW COLUMNS FROM `nav` [ RunTime:0.0007s ]
SQL: SELECT `id`,`text`,`state`,`iconCls`,`url` FROM `nav` WHERE `nid` = 1 AND `text` IN ('管理员管理','会员列表','权限控制','学校列表')  [ RunTime:0.0004s ]

[ 2016-05-10T22:08:04+08:00 ] 114.254.67.158 /index.php/Admin/Index/getNav
INFO: [ app_init ] --START--
INFO: Run Behavior\BuildLiteBehavior [ RunTime:0.000009s ]
INFO: [ app_init ] --END-- [ RunTime:0.000056s ]
INFO: [ app_begin ] --START--
INFO: Run Behavior\ReadHtmlCacheBehavior [ RunTime:0.000027s ]
INFO: [ app_begin ] --END-- [ RunTime:0.000058s ]
SQL: SHOW COLUMNS FROM `auth_group_access` [ RunTime:0.0006s ]
SQL: SELECT `uid`,`group_id`,`title`,`rules` FROM auth_group_access a INNER JOIN auth_group g on a.group_id=g.id  WHERE ( a.uid='1' and g.status='1' )  [ RunTime:0.0005s ]
SQL: SHOW COLUMNS FROM `auth_rule` [ RunTime:0.0007s ]
SQL: SELECT `title` FROM `auth_rule` WHERE `id` IN ('1','2','4','5')  [ RunTime:0.0004s ]
SQL: SHOW COLUMNS FROM `nav` [ RunTime:0.0007s ]
SQL: SELECT `id`,`text`,`state`,`iconCls`,`url` FROM `nav` WHERE `nid` = 4 AND `text` IN ('管理员管理','会员列表','权限控制','学校列表')  [ RunTime:0.0005s ]

[ 2016-05-10T22:08:04+08:00 ] 114.254.67.158 /index.php/Admin/Index/getNav
INFO: [ app_init ] --START--
INFO: Run Behavior\BuildLiteBehavior [ RunTime:0.000008s ]
INFO: [ app_init ] --END-- [ RunTime:0.000052s ]
INFO: [ app_begin ] --START--
INFO: Run Behavior\ReadHtmlCacheBehavior [ RunTime:0.000028s ]
INFO: [ app_begin ] --END-- [ RunTime:0.000060s ]
SQL: SHOW COLUMNS FROM `auth_group_access` [ RunTime:0.0006s ]
SQL: SELECT `uid`,`group_id`,`title`,`rules` FROM auth_group_access a INNER JOIN auth_group g on a.group_id=g.id  WHERE ( a.uid='1' and g.status='1' )  [ RunTime:0.0005s ]
SQL: SHOW COLUMNS FROM `auth_rule` [ RunTime:0.0007s ]
SQL: SELECT `title` FROM `auth_rule` WHERE `id` IN ('1','2','4','5')  [ RunTime:0.0006s ]
SQL: SHOW COLUMNS FROM `nav` [ RunTime:0.0009s ]
SQL: SELECT `id`,`text`,`state`,`iconCls`,`url` FROM `nav` WHERE `nid` = 1 AND `text` IN ('管理员管理','会员列表','权限控制','学校列表')  [ RunTime:0.0005s ]

[ 2016-05-10T22:08:07+08:00 ] 114.254.67.158 /index.php/Admin/School/index/?_=1462889183841
INFO: [ app_init ] --START--
INFO: Run Behavior\BuildLiteBehavior [ RunTime:0.000028s ]
INFO: [ app_init ] --END-- [ RunTime:0.000102s ]
INFO: [ app_begin ] --START--
INFO: Run Behavior\ReadHtmlCacheBehavior [ RunTime:0.000033s ]
INFO: [ app_begin ] --END-- [ RunTime:0.000067s ]
INFO: [ view_parse ] --START--
INFO: [ template_filter ] --START--
INFO: Run Behavior\ContentReplaceBehavior [ RunTime:0.000046s ]
INFO: [ template_filter ] --END-- [ RunTime:0.000084s ]
INFO: Run Behavior\ParseTemplateBehavior [ RunTime:0.001594s ]
INFO: [ view_parse ] --END-- [ RunTime:0.001642s ]
INFO: [ view_filter ] --START--
INFO: Run Behavior\WriteHtmlCacheBehavior [ RunTime:0.000031s ]
INFO: [ view_filter ] --END-- [ RunTime:0.000056s ]
INFO: [ app_end ] --START--
INFO: Run Behavior\ShowPageTraceBehavior [ RunTime:0.000025s ]
INFO: [ app_end ] --END-- [ RunTime:0.000053s ]

[ 2016-05-10T22:08:07+08:00 ] 114.254.67.158 /index.php/Admin/School/getList
INFO: [ app_init ] --START--
INFO: Run Behavior\BuildLiteBehavior [ RunTime:0.000014s ]
INFO: [ app_init ] --END-- [ RunTime:0.000087s ]
INFO: [ app_begin ] --START--
INFO: Run Behavior\ReadHtmlCacheBehavior [ RunTime:0.000031s ]
INFO: [ app_begin ] --END-- [ RunTime:0.000064s ]
SQL: SHOW COLUMNS FROM `school` [ RunTime:0.0010s ]
SQL: SELECT `id`,`name`,`address`,`mobile`,`is_up`,`dateline` FROM `school` ORDER BY `dateline` DESC LIMIT 0,20   [ RunTime:0.0005s ]
SQL: SELECT COUNT(*) AS tp_count FROM `school` LIMIT 1   [ RunTime:0.0004s ]

[ 2016-05-10T22:08:09+08:00 ] 114.254.67.158 /index.php/Admin/User/index/?_=1462889183843
INFO: [ app_init ] --START--
INFO: Run Behavior\BuildLiteBehavior [ RunTime:0.000008s ]
INFO: [ app_init ] --END-- [ RunTime:0.000059s ]
INFO: [ app_begin ] --START--
INFO: Run Behavior\ReadHtmlCacheBehavior [ RunTime:0.000030s ]
INFO: [ app_begin ] --END-- [ RunTime:0.000060s ]
SQL: SHOW COLUMNS FROM `school` [ RunTime:0.0011s ]
SQL: SELECT `id`,`name` FROM `school`  [ RunTime:0.0004s ]
INFO: [ view_parse ] --START--
INFO: [ template_filter ] --START--
INFO: Run Behavior\ContentReplaceBehavior [ RunTime:0.000076s ]
INFO: [ template_filter ] --END-- [ RunTime:0.000116s ]
INFO: Run Behavior\ParseTemplateBehavior [ RunTime:0.005120s ]
INFO: [ view_parse ] --END-- [ RunTime:0.005165s ]
INFO: [ view_filter ] --START--
INFO: Run Behavior\WriteHtmlCacheBehavior [ RunTime:0.000033s ]
INFO: [ view_filter ] --END-- [ RunTime:0.000058s ]
INFO: [ app_end ] --START--
INFO: Run Behavior\ShowPageTraceBehavior [ RunTime:0.000027s ]
INFO: [ app_end ] --END-- [ RunTime:0.000057s ]

[ 2016-05-10T22:08:10+08:00 ] 114.254.67.158 /index.php/Admin/User/getList
INFO: [ app_init ] --START--
INFO: Run Behavior\BuildLiteBehavior [ RunTime:0.000013s ]
INFO: [ app_init ] --END-- [ RunTime:0.000092s ]
INFO: [ app_begin ] --START--
INFO: Run Behavior\ReadHtmlCacheBehavior [ RunTime:0.000035s ]
INFO: [ app_begin ] --END-- [ RunTime:0.000067s ]
SQL: SHOW COLUMNS FROM `user` [ RunTime:0.0037s ]
SQL: SHOW COLUMNS FROM `school` [ RunTime:0.0008s ]
SQL: SELECT `id`,`name` FROM `school`  [ RunTime:0.0004s ]
SQL: SELECT `id`,`nick_name`,`reg_time`,`group_id`,`school_id`,`class_id`,`last_login`,`last_ip` FROM `user` ORDER BY `reg_time` DESC LIMIT 0,20   [ RunTime:0.0007s ]
SQL: SHOW COLUMNS FROM `class` [ RunTime:0.0007s ]
SQL: SELECT `class_name` FROM `class` WHERE ( 1=1 AND id='71' ) LIMIT 1   [ RunTime:0.0005s ]
SQL: SELECT `class_name` FROM `class` WHERE ( 1=1 AND id='71' ) LIMIT 1   [ RunTime:0.0004s ]
SQL: SELECT `class_name` FROM `class` WHERE ( 1=1 AND id='71' ) LIMIT 1   [ RunTime:0.0004s ]
SQL: SELECT `class_name` FROM `class` WHERE ( 1=1 AND id='69' ) LIMIT 1   [ RunTime:0.0004s ]
SQL: SELECT `class_name` FROM `class` WHERE ( 1=1 AND id='70' ) LIMIT 1   [ RunTime:0.0004s ]
SQL: SELECT `class_name` FROM `class` WHERE ( 1=1 AND id='69' ) LIMIT 1   [ RunTime:0.0004s ]
SQL: SELECT `class_name` FROM `class` WHERE ( 1=1 AND id='69' ) LIMIT 1   [ RunTime:0.0004s ]
SQL: SELECT `class_name` FROM `class` WHERE ( 1=1 AND id='69' ) LIMIT 1   [ RunTime:0.0004s ]
SQL: SELECT `class_name` FROM `class` WHERE ( 1=1 AND id='69' ) LIMIT 1   [ RunTime:0.0004s ]
SQL: SELECT `class_name` FROM `class` WHERE ( 1=1 AND id='69' ) LIMIT 1   [ RunTime:0.0004s ]
SQL: SELECT `class_name` FROM `class` WHERE ( 1=1 AND id='69' ) LIMIT 1   [ RunTime:0.0004s ]
SQL: SELECT `class_name` FROM `class` WHERE ( 1=1 AND id='69' ) LIMIT 1   [ RunTime:0.0004s ]
SQL: SELECT `class_name` FROM `class` WHERE ( 1=1 AND id='69' ) LIMIT 1   [ RunTime:0.0004s ]
SQL: SELECT `class_name` FROM `class` WHERE ( 1=1 AND id='69' ) LIMIT 1   [ RunTime:0.0004s ]
SQL: SELECT `class_name` FROM `class` WHERE ( 1=1 AND id='71' ) LIMIT 1   [ RunTime:0.0004s ]
SQL: SELECT `class_name` FROM `class` WHERE ( 1=1 AND id='71' ) LIMIT 1   [ RunTime:0.0004s ]
SQL: SELECT `class_name` FROM `class` WHERE ( 1=1 AND id='70' ) LIMIT 1   [ RunTime:0.0004s ]
SQL: SELECT `class_name` FROM `class` WHERE ( 1=1 AND id='71' ) LIMIT 1   [ RunTime:0.0004s ]
SQL: SELECT `class_name` FROM `class` WHERE ( 1=1 AND id='71' ) LIMIT 1   [ RunTime:0.0004s ]
SQL: SELECT `class_name` FROM `class` WHERE ( 1=1 AND id='73' ) LIMIT 1   [ RunTime:0.0004s ]
SQL: SELECT COUNT(*) AS tp_count FROM `user` LIMIT 1   [ RunTime:0.0005s ]

[ 2016-05-10T22:08:42+08:00 ] 114.254.67.158 /index.php/Admin/AuthGroup/index/?_=1462889183845
INFO: [ app_init ] --START--
INFO: Run Behavior\BuildLiteBehavior [ RunTime:0.000014s ]
INFO: [ app_init ] --END-- [ RunTime:0.000087s ]
INFO: [ app_begin ] --START--
INFO: Run Behavior\ReadHtmlCacheBehavior [ RunTime:0.000034s ]
INFO: [ app_begin ] --END-- [ RunTime:0.000083s ]
INFO: [ view_parse ] --START--
INFO: [ template_filter ] --START--
INFO: Run Behavior\ContentReplaceBehavior [ RunTime:0.000046s ]
INFO: [ template_filter ] --END-- [ RunTime:0.000085s ]
INFO: Run Behavior\ParseTemplateBehavior [ RunTime:0.002202s ]
INFO: [ view_parse ] --END-- [ RunTime:0.002244s ]
INFO: [ view_filter ] --START--
INFO: Run Behavior\WriteHtmlCacheBehavior [ RunTime:0.000035s ]
INFO: [ view_filter ] --END-- [ RunTime:0.000061s ]
INFO: [ app_end ] --START--
INFO: Run Behavior\ShowPageTraceBehavior [ RunTime:0.000032s ]
INFO: [ app_end ] --END-- [ RunTime:0.000065s ]

[ 2016-05-10T22:08:42+08:00 ] 114.254.67.158 /index.php/Admin/AuthGroup/getList
INFO: [ app_init ] --START--
INFO: Run Behavior\BuildLiteBehavior [ RunTime:0.000015s ]
INFO: [ app_init ] --END-- [ RunTime:0.000089s ]
INFO: [ app_begin ] --START--
INFO: Run Behavior\ReadHtmlCacheBehavior [ RunTime:0.000031s ]
INFO: [ app_begin ] --END-- [ RunTime:0.000064s ]
SQL: SHOW COLUMNS FROM `auth_group` [ RunTime:0.0010s ]
SQL: SELECT `id`,`title`,`rules` FROM `auth_group` LIMIT 0,20   [ RunTime:0.0005s ]
SQL: SHOW COLUMNS FROM `auth_rule` [ RunTime:0.0007s ]
SQL: SELECT `title` FROM `auth_rule` WHERE `id` IN ('1','2','4','5')  [ RunTime:0.0005s ]
NOTIC: [8] Undefined index: auth /data/wwwroot/zzb/Application/Admin/Model/AuthGroupModel.class.php 第 18 行.
SQL: SELECT `title` FROM `auth_rule` WHERE `id` IN ('2','5')  [ RunTime:0.0004s ]
NOTIC: [8] Undefined index: auth /data/wwwroot/zzb/Application/Admin/Model/AuthGroupModel.class.php 第 18 行.
SQL: SELECT COUNT(*) AS tp_count FROM `auth_group` WHERE `id` IN ('2','5') LIMIT 1   [ RunTime:0.0004s ]

[ 2016-05-10T22:08:42+08:00 ] 114.254.67.158 /index.php/Admin/Index/getNav
INFO: [ app_init ] --START--
INFO: Run Behavior\BuildLiteBehavior [ RunTime:0.000012s ]
INFO: [ app_init ] --END-- [ RunTime:0.000067s ]
INFO: [ app_begin ] --START--
INFO: Run Behavior\ReadHtmlCacheBehavior [ RunTime:0.000030s ]
INFO: [ app_begin ] --END-- [ RunTime:0.000063s ]
SQL: SHOW COLUMNS FROM `auth_group_access` [ RunTime:0.0038s ]
SQL: SELECT `uid`,`group_id`,`title`,`rules` FROM auth_group_access a INNER JOIN auth_group g on a.group_id=g.id  WHERE ( a.uid='1' and g.status='1' )  [ RunTime:0.0012s ]
SQL: SHOW COLUMNS FROM `auth_rule` [ RunTime:0.0007s ]
SQL: SELECT `title` FROM `auth_rule` WHERE `id` IN ('1','2','4','5')  [ RunTime:0.0008s ]
SQL: SHOW COLUMNS FROM `nav` [ RunTime:0.0007s ]
SQL: SELECT `id`,`text`,`state`,`iconCls`,`url` FROM `nav` WHERE `nid` = 0  [ RunTime:0.0004s ]

[ 2016-05-10T22:08:42+08:00 ] 114.254.67.158 /index.php/Admin/Index/getNav
INFO: [ app_init ] --START--
INFO: Run Behavior\BuildLiteBehavior [ RunTime:0.000010s ]
INFO: [ app_init ] --END-- [ RunTime:0.000057s ]
INFO: [ app_begin ] --START--
INFO: Run Behavior\ReadHtmlCacheBehavior [ RunTime:0.000027s ]
INFO: [ app_begin ] --END-- [ RunTime:0.000059s ]
SQL: SHOW COLUMNS FROM `auth_group_access` [ RunTime:0.0007s ]
SQL: SELECT `uid`,`group_id`,`title`,`rules` FROM auth_group_access a INNER JOIN auth_group g on a.group_id=g.id  WHERE ( a.uid='1' and g.status='1' )  [ RunTime:0.0005s ]
SQL: SHOW COLUMNS FROM `auth_rule` [ RunTime:0.0007s ]
SQL: SELECT `title` FROM `auth_rule` WHERE `id` IN ('1','2','4','5')  [ RunTime:0.0005s ]
SQL: SHOW COLUMNS FROM `nav` [ RunTime:0.0007s ]
SQL: SELECT `id`,`text`,`state`,`iconCls`,`url` FROM `nav` WHERE `nid` = 0  [ RunTime:0.0005s ]

[ 2016-05-10T22:08:42+08:00 ] 114.254.67.158 /index.php/Admin/Index/getNav
INFO: [ app_init ] --START--
INFO: Run Behavior\BuildLiteBehavior [ RunTime:0.000009s ]
INFO: [ app_init ] --END-- [ RunTime:0.000058s ]
INFO: [ app_begin ] --START--
INFO: Run Behavior\ReadHtmlCacheBehavior [ RunTime:0.000027s ]
INFO: [ app_begin ] --END-- [ RunTime:0.000058s ]
SQL: SHOW COLUMNS FROM `auth_group_access` [ RunTime:0.0007s ]
SQL: SELECT `uid`,`group_id`,`title`,`rules` FROM auth_group_access a INNER JOIN auth_group g on a.group_id=g.id  WHERE ( a.uid='1' and g.status='1' )  [ RunTime:0.0005s ]
SQL: SHOW COLUMNS FROM `auth_rule` [ RunTime:0.0007s ]
SQL: SELECT `title` FROM `auth_rule` WHERE `id` IN ('1','2','4','5')  [ RunTime:0.0005s ]
SQL: SHOW COLUMNS FROM `nav` [ RunTime:0.0009s ]
SQL: SELECT `id`,`text`,`state`,`iconCls`,`url` FROM `nav` WHERE `nid` = 0  [ RunTime:0.0005s ]

[ 2016-05-10T22:08:42+08:00 ] 114.254.67.158 /index.php/Admin/Index/getNav
INFO: [ app_init ] --START--
INFO: Run Behavior\BuildLiteBehavior [ RunTime:0.000009s ]
INFO: [ app_init ] --END-- [ RunTime:0.000060s ]
INFO: [ app_begin ] --START--
INFO: Run Behavior\ReadHtmlCacheBehavior [ RunTime:0.000025s ]
INFO: [ app_begin ] --END-- [ RunTime:0.000055s ]
SQL: SHOW COLUMNS FROM `auth_group_access` [ RunTime:0.0007s ]
SQL: SELECT `uid`,`group_id`,`title`,`rules` FROM auth_group_access a INNER JOIN auth_group g on a.group_id=g.id  WHERE ( a.uid='1' and g.status='1' )  [ RunTime:0.0006s ]
SQL: SHOW COLUMNS FROM `auth_rule` [ RunTime:0.0010s ]
SQL: SELECT `title` FROM `auth_rule` WHERE `id` IN ('1','2','4','5')  [ RunTime:0.0005s ]
SQL: SHOW COLUMNS FROM `nav` [ RunTime:0.0007s ]
SQL: SELECT `id`,`text`,`state`,`iconCls`,`url` FROM `nav` WHERE `nid` = 0  [ RunTime:0.0008s ]

[ 2016-05-10T22:08:42+08:00 ] 114.254.67.158 /index.php/Admin/Index/getNav
INFO: [ app_init ] --START--
INFO: Run Behavior\BuildLiteBehavior [ RunTime:0.000013s ]
INFO: [ app_init ] --END-- [ RunTime:0.000090s ]
INFO: [ app_begin ] --START--
INFO: Run Behavior\ReadHtmlCacheBehavior [ RunTime:0.000032s ]
INFO: [ app_begin ] --END-- [ RunTime:0.000065s ]
SQL: SHOW COLUMNS FROM `auth_group_access` [ RunTime:0.0007s ]
SQL: SELECT `uid`,`group_id`,`title`,`rules` FROM auth_group_access a INNER JOIN auth_group g on a.group_id=g.id  WHERE ( a.uid='1' and g.status='1' )  [ RunTime:0.0005s ]
SQL: SHOW COLUMNS FROM `auth_rule` [ RunTime:0.0007s ]
SQL: SELECT `title` FROM `auth_rule` WHERE `id` IN ('1','2','4','5')  [ RunTime:0.0005s ]
SQL: SHOW COLUMNS FROM `nav` [ RunTime:0.0011s ]
SQL: SELECT `id`,`text`,`state`,`iconCls`,`url` FROM `nav` WHERE `nid` = 1 AND `text` IN ('管理员管理','会员列表','权限控制','学校列表')  [ RunTime:0.0005s ]

[ 2016-05-10T22:08:42+08:00 ] 114.254.67.158 /index.php/Admin/Index/getNav
INFO: [ app_init ] --START--
INFO: Run Behavior\BuildLiteBehavior [ RunTime:0.000009s ]
INFO: [ app_init ] --END-- [ RunTime:0.000060s ]
INFO: [ app_begin ] --START--
INFO: Run Behavior\ReadHtmlCacheBehavior [ RunTime:0.000028s ]
INFO: [ app_begin ] --END-- [ RunTime:0.000060s ]
SQL: SHOW COLUMNS FROM `auth_group_access` [ RunTime:0.0006s ]
SQL: SELECT `uid`,`group_id`,`title`,`rules` FROM auth_group_access a INNER JOIN auth_group g on a.group_id=g.id  WHERE ( a.uid='1' and g.status='1' )  [ RunTime:0.0005s ]
SQL: SHOW COLUMNS FROM `auth_rule` [ RunTime:0.0007s ]
SQL: SELECT `title` FROM `auth_rule` WHERE `id` IN ('1','2','4','5')  [ RunTime:0.0004s ]
SQL: SHOW COLUMNS FROM `nav` [ RunTime:0.0007s ]
SQL: SELECT `id`,`text`,`state`,`iconCls`,`url` FROM `nav` WHERE `nid` = 4 AND `text` IN ('管理员管理','会员列表','权限控制','学校列表')  [ RunTime:0.0006s ]

[ 2016-05-10T22:08:42+08:00 ] 114.254.67.158 /index.php/Admin/Index/getNav
INFO: [ app_init ] --START--
INFO: Run Behavior\BuildLiteBehavior [ RunTime:0.000010s ]
INFO: [ app_init ] --END-- [ RunTime:0.000066s ]
INFO: [ app_begin ] --START--
INFO: Run Behavior\ReadHtmlCacheBehavior [ RunTime:0.000027s ]
INFO: [ app_begin ] --END-- [ RunTime:0.000058s ]
SQL: SHOW COLUMNS FROM `auth_group_access` [ RunTime:0.0007s ]
SQL: SELECT `uid`,`group_id`,`title`,`rules` FROM auth_group_access a INNER JOIN auth_group g on a.group_id=g.id  WHERE ( a.uid='1' and g.status='1' )  [ RunTime:0.0005s ]
SQL: SHOW COLUMNS FROM `auth_rule` [ RunTime:0.0007s ]
SQL: SELECT `title` FROM `auth_rule` WHERE `id` IN ('1','2','4','5')  [ RunTime:0.0005s ]
SQL: SHOW COLUMNS FROM `nav` [ RunTime:0.0007s ]
SQL: SELECT `id`,`text`,`state`,`iconCls`,`url` FROM `nav` WHERE `nid` = 4 AND `text` IN ('管理员管理','会员列表','权限控制','学校列表')  [ RunTime:0.0005s ]

[ 2016-05-10T22:08:42+08:00 ] 114.254.67.158 /index.php/Admin/Index/getNav
INFO: [ app_init ] --START--
INFO: Run Behavior\BuildLiteBehavior [ RunTime:0.000009s ]
INFO: [ app_init ] --END-- [ RunTime:0.000057s ]
INFO: [ app_begin ] --START--
INFO: Run Behavior\ReadHtmlCacheBehavior [ RunTime:0.000027s ]
INFO: [ app_begin ] --END-- [ RunTime:0.000059s ]
SQL: SHOW COLUMNS FROM `auth_group_access` [ RunTime:0.0007s ]
SQL: SELECT `uid`,`group_id`,`title`,`rules` FROM auth_group_access a INNER JOIN auth_group g on a.group_id=g.id  WHERE ( a.uid='1' and g.status='1' )  [ RunTime:0.0005s ]
SQL: SHOW COLUMNS FROM `auth_rule` [ RunTime:0.0007s ]
SQL: SELECT `title` FROM `auth_rule` WHERE `id` IN ('1','2','4','5')  [ RunTime:0.0004s ]
SQL: SHOW COLUMNS FROM `nav` [ RunTime:0.0007s ]
SQL: SELECT `id`,`text`,`state`,`iconCls`,`url` FROM `nav` WHERE `nid` = 1 AND `text` IN ('管理员管理','会员列表','权限控制','学校列表')  [ RunTime:0.0005s ]

[ 2016-05-10T22:08:42+08:00 ] 114.254.67.158 /index.php/Admin/Index/getNav
INFO: [ app_init ] --START--
INFO: Run Behavior\BuildLiteBehavior [ RunTime:0.000009s ]
INFO: [ app_init ] --END-- [ RunTime:0.000056s ]
INFO: [ app_begin ] --START--
INFO: Run Behavior\ReadHtmlCacheBehavior [ RunTime:0.000026s ]
INFO: [ app_begin ] --END-- [ RunTime:0.000056s ]
SQL: SHOW COLUMNS FROM `auth_group_access` [ RunTime:0.0007s ]
SQL: SELECT `uid`,`group_id`,`title`,`rules` FROM auth_group_access a INNER JOIN auth_group g on a.group_id=g.id  WHERE ( a.uid='1' and g.status='1' )  [ RunTime:0.0006s ]
SQL: SHOW COLUMNS FROM `auth_rule` [ RunTime:0.0007s ]
SQL: SELECT `title` FROM `auth_rule` WHERE `id` IN ('1','2','4','5')  [ RunTime:0.0004s ]
SQL: SHOW COLUMNS FROM `nav` [ RunTime:0.0007s ]
SQL: SELECT `id`,`text`,`state`,`iconCls`,`url` FROM `nav` WHERE `nid` = 11 AND `text` IN ('管理员管理','会员列表','权限控制','学校列表')  [ RunTime:0.0267s ]

[ 2016-05-10T22:08:42+08:00 ] 114.254.67.158 /index.php/Admin/Index/getNav
INFO: [ app_init ] --START--
INFO: Run Behavior\BuildLiteBehavior [ RunTime:0.000009s ]
INFO: [ app_init ] --END-- [ RunTime:0.000056s ]
INFO: [ app_begin ] --START--
INFO: Run Behavior\ReadHtmlCacheBehavior [ RunTime:0.000028s ]
INFO: [ app_begin ] --END-- [ RunTime:0.000059s ]
SQL: SHOW COLUMNS FROM `auth_group_access` [ RunTime:0.0007s ]
SQL: SELECT `uid`,`group_id`,`title`,`rules` FROM auth_group_access a INNER JOIN auth_group g on a.group_id=g.id  WHERE ( a.uid='1' and g.status='1' )  [ RunTime:0.0007s ]
SQL: SHOW COLUMNS FROM `auth_rule` [ RunTime:0.0008s ]
SQL: SELECT `title` FROM `auth_rule` WHERE `id` IN ('1','2','4','5')  [ RunTime:0.0005s ]
SQL: SHOW COLUMNS FROM `nav` [ RunTime:0.0007s ]
SQL: SELECT `id`,`text`,`state`,`iconCls`,`url` FROM `nav` WHERE `nid` = 11 AND `text` IN ('管理员管理','会员列表','权限控制','学校列表')  [ RunTime:0.0005s ]

[ 2016-05-10T22:08:42+08:00 ] 114.254.67.158 /index.php/Admin/Index/getNav
INFO: [ app_init ] --START--
INFO: Run Behavior\BuildLiteBehavior [ RunTime:0.000008s ]
INFO: [ app_init ] --END-- [ RunTime:0.000055s ]
INFO: [ app_begin ] --START--
INFO: Run Behavior\ReadHtmlCacheBehavior [ RunTime:0.000025s ]
INFO: [ app_begin ] --END-- [ RunTime:0.000058s ]
SQL: SHOW COLUMNS FROM `auth_group_access` [ RunTime:0.0007s ]
SQL: SELECT `uid`,`group_id`,`title`,`rules` FROM auth_group_access a INNER JOIN auth_group g on a.group_id=g.id  WHERE ( a.uid='1' and g.status='1' )  [ RunTime:0.0005s ]
SQL: SHOW COLUMNS FROM `auth_rule` [ RunTime:0.0007s ]
SQL: SELECT `title` FROM `auth_rule` WHERE `id` IN ('1','2','4','5')  [ RunTime:0.0004s ]
SQL: SHOW COLUMNS FROM `nav` [ RunTime:0.0007s ]
SQL: SELECT `id`,`text`,`state`,`iconCls`,`url` FROM `nav` WHERE `nid` = 4 AND `text` IN ('管理员管理','会员列表','权限控制','学校列表')  [ RunTime:0.0004s ]

[ 2016-05-10T22:08:42+08:00 ] 114.254.67.158 /index.php/Admin/Index/getNav
INFO: [ app_init ] --START--
INFO: Run Behavior\BuildLiteBehavior [ RunTime:0.000009s ]
INFO: [ app_init ] --END-- [ RunTime:0.000055s ]
INFO: [ app_begin ] --START--
INFO: Run Behavior\ReadHtmlCacheBehavior [ RunTime:0.000025s ]
INFO: [ app_begin ] --END-- [ RunTime:0.000056s ]
SQL: SHOW COLUMNS FROM `auth_group_access` [ RunTime:0.0006s ]
SQL: SELECT `uid`,`group_id`,`title`,`rules` FROM auth_group_access a INNER JOIN auth_group g on a.group_id=g.id  WHERE ( a.uid='1' and g.status='1' )  [ RunTime:0.0005s ]
SQL: SHOW COLUMNS FROM `auth_rule` [ RunTime:0.0007s ]
SQL: SELECT `title` FROM `auth_rule` WHERE `id` IN ('1','2','4','5')  [ RunTime:0.0011s ]
SQL: SHOW COLUMNS FROM `nav` [ RunTime:0.0007s ]
SQL: SELECT `id`,`text`,`state`,`iconCls`,`url` FROM `nav` WHERE `nid` = 1 AND `text` IN ('管理员管理','会员列表','权限控制','学校列表')  [ RunTime:0.0005s ]

[ 2016-05-10T22:08:42+08:00 ] 114.254.67.158 /index.php/Admin/Index/getNav
INFO: [ app_init ] --START--
INFO: Run Behavior\BuildLiteBehavior [ RunTime:0.000009s ]
INFO: [ app_init ] --END-- [ RunTime:0.000064s ]
INFO: [ app_begin ] --START--
INFO: Run Behavior\ReadHtmlCacheBehavior [ RunTime:0.000026s ]
INFO: [ app_begin ] --END-- [ RunTime:0.000057s ]
SQL: SHOW COLUMNS FROM `auth_group_access` [ RunTime:0.0255s ]
SQL: SELECT `uid`,`group_id`,`title`,`rules` FROM auth_group_access a INNER JOIN auth_group g on a.group_id=g.id  WHERE ( a.uid='1' and g.status='1' )  [ RunTime:0.0006s ]
SQL: SHOW COLUMNS FROM `auth_rule` [ RunTime:0.0007s ]
SQL: SELECT `title` FROM `auth_rule` WHERE `id` IN ('1','2','4','5')  [ RunTime:0.0005s ]
SQL: SHOW COLUMNS FROM `nav` [ RunTime:0.0008s ]
SQL: SELECT `id`,`text`,`state`,`iconCls`,`url` FROM `nav` WHERE `nid` = 11 AND `text` IN ('管理员管理','会员列表','权限控制','学校列表')  [ RunTime:0.0005s ]

[ 2016-05-10T22:08:42+08:00 ] 114.254.67.158 /index.php/Admin/Index/getNav
INFO: [ app_init ] --START--
INFO: Run Behavior\BuildLiteBehavior [ RunTime:0.000009s ]
INFO: [ app_init ] --END-- [ RunTime:0.000058s ]
INFO: [ app_begin ] --START--
INFO: Run Behavior\ReadHtmlCacheBehavior [ RunTime:0.000026s ]
INFO: [ app_begin ] --END-- [ RunTime:0.000058s ]
SQL: SHOW COLUMNS FROM `auth_group_access` [ RunTime:0.0007s ]
SQL: SELECT `uid`,`group_id`,`title`,`rules` FROM auth_group_access a INNER JOIN auth_group g on a.group_id=g.id  WHERE ( a.uid='1' and g.status='1' )  [ RunTime:0.0005s ]
SQL: SHOW COLUMNS FROM `auth_rule` [ RunTime:0.0007s ]
SQL: SELECT `title` FROM `auth_rule` WHERE `id` IN ('1','2','4','5')  [ RunTime:0.0005s ]
SQL: SHOW COLUMNS FROM `nav` [ RunTime:0.0009s ]
SQL: SELECT `id`,`text`,`state`,`iconCls`,`url` FROM `nav` WHERE `nid` = 1 AND `text` IN ('管理员管理','会员列表','权限控制','学校列表')  [ RunTime:0.0005s ]

[ 2016-05-10T22:08:42+08:00 ] 114.254.67.158 /index.php/Admin/Index/getNav
INFO: [ app_init ] --START--
INFO: Run Behavior\BuildLiteBehavior [ RunTime:0.000010s ]
INFO: [ app_init ] --END-- [ RunTime:0.000065s ]
INFO: [ app_begin ] --START--
INFO: Run Behavior\ReadHtmlCacheBehavior [ RunTime:0.000029s ]
INFO: [ app_begin ] --END-- [ RunTime:0.000061s ]
SQL: SHOW COLUMNS FROM `auth_group_access` [ RunTime:0.0007s ]
SQL: SELECT `uid`,`group_id`,`title`,`rules` FROM auth_group_access a INNER JOIN auth_group g on a.group_id=g.id  WHERE ( a.uid='1' and g.status='1' )  [ RunTime:0.0005s ]
SQL: SHOW COLUMNS FROM `auth_rule` [ RunTime:0.0007s ]
SQL: SELECT `title` FROM `auth_rule` WHERE `id` IN ('1','2','4','5')  [ RunTime:0.0009s ]
SQL: SHOW COLUMNS FROM `nav` [ RunTime:0.0007s ]
SQL: SELECT `id`,`text`,`state`,`iconCls`,`url` FROM `nav` WHERE `nid` = 11 AND `text` IN ('管理员管理','会员列表','权限控制','学校列表')  [ RunTime:0.0005s ]

[ 2016-05-10T22:08:42+08:00 ] 114.254.67.158 /index.php/Admin/Index/getNav
INFO: [ app_init ] --START--
INFO: Run Behavior\BuildLiteBehavior [ RunTime:0.000009s ]
INFO: [ app_init ] --END-- [ RunTime:0.000057s ]
INFO: [ app_begin ] --START--
INFO: Run Behavior\ReadHtmlCacheBehavior [ RunTime:0.000028s ]
INFO: [ app_begin ] --END-- [ RunTime:0.000067s ]
SQL: SHOW COLUMNS FROM `auth_group_access` [ RunTime:0.0007s ]
SQL: SELECT `uid`,`group_id`,`title`,`rules` FROM auth_group_access a INNER JOIN auth_group g on a.group_id=g.id  WHERE ( a.uid='1' and g.status='1' )  [ RunTime:0.0005s ]
SQL: SHOW COLUMNS FROM `auth_rule` [ RunTime:0.0007s ]
SQL: SELECT `title` FROM `auth_rule` WHERE `id` IN ('1','2','4','5')  [ RunTime:0.0004s ]
SQL: SHOW COLUMNS FROM `nav` [ RunTime:0.0007s ]
SQL: SELECT `id`,`text`,`state`,`iconCls`,`url` FROM `nav` WHERE `nid` = 4 AND `text` IN ('管理员管理','会员列表','权限控制','学校列表')  [ RunTime:0.0008s ]

[ 2016-05-10T22:10:28+08:00 ] 114.254.67.158 /index.php/Admin/User/getUser
INFO: [ app_init ] --START--
INFO: Run Behavior\BuildLiteBehavior [ RunTime:0.000014s ]
INFO: [ app_init ] --END-- [ RunTime:0.000085s ]
INFO: [ app_begin ] --START--
INFO: Run Behavior\ReadHtmlCacheBehavior [ RunTime:0.000030s ]
INFO: [ app_begin ] --END-- [ RunTime:0.000063s ]
SQL: SHOW COLUMNS FROM `user` [ RunTime:0.0015s ]
SQL: SELECT * FROM `user` WHERE `id` = 167 LIMIT 1   [ RunTime:0.0008s ]
NOTIC: [8] Trying to get property of non-object /data/wwwroot/zzb/Application/Admin/Model/UserModel.class.php 第 98 行.

[ 2016-05-10T22:12:25+08:00 ] 114.254.67.158 /index.php/Admin/User/getUser
INFO: [ app_init ] --START--
INFO: Run Behavior\BuildLiteBehavior [ RunTime:0.000018s ]
INFO: [ app_init ] --END-- [ RunTime:0.000120s ]
INFO: [ app_begin ] --START--
INFO: Run Behavior\ReadHtmlCacheBehavior [ RunTime:0.000043s ]
INFO: [ app_begin ] --END-- [ RunTime:0.000077s ]
SQL: SHOW COLUMNS FROM `user` [ RunTime:0.0014s ]
SQL: SELECT * FROM `user` WHERE `id` = 167 LIMIT 1   [ RunTime:0.0007s ]
NOTIC: [8] Trying to get property of non-object /data/wwwroot/zzb/Application/Admin/Model/UserModel.class.php 第 98 行.

[ 2016-05-10T22:13:02+08:00 ] 114.254.67.158 /index.php/Admin/User/getList
INFO: [ app_init ] --START--
INFO: Run Behavior\BuildLiteBehavior [ RunTime:0.000012s ]
INFO: [ app_init ] --END-- [ RunTime:0.000080s ]
INFO: [ app_begin ] --START--
INFO: Run Behavior\ReadHtmlCacheBehavior [ RunTime:0.000031s ]
INFO: [ app_begin ] --END-- [ RunTime:0.000065s ]
SQL: SHOW COLUMNS FROM `user` [ RunTime:0.0014s ]
SQL: SHOW COLUMNS FROM `school` [ RunTime:0.0008s ]
SQL: SELECT `id`,`name` FROM `school`  [ RunTime:0.0005s ]
SQL: SELECT `id`,`nick_name`,`reg_time`,`group_id`,`school_id`,`class_id`,`last_login`,`last_ip` FROM `user` ORDER BY `reg_time` DESC LIMIT 0,20   [ RunTime:0.0007s ]
SQL: SHOW COLUMNS FROM `class` [ RunTime:0.0007s ]
SQL: SELECT `class_name` FROM `class` WHERE ( 1=1 AND id='71' ) LIMIT 1   [ RunTime:0.0004s ]
SQL: SELECT `class_name` FROM `class` WHERE ( 1=1 AND id='71' ) LIMIT 1   [ RunTime:0.0004s ]
SQL: SELECT `class_name` FROM `class` WHERE ( 1=1 AND id='71' ) LIMIT 1   [ RunTime:0.0004s ]
SQL: SELECT `class_name` FROM `class` WHERE ( 1=1 AND id='69' ) LIMIT 1   [ RunTime:0.0006s ]
SQL: SELECT `class_name` FROM `class` WHERE ( 1=1 AND id='70' ) LIMIT 1   [ RunTime:0.0004s ]
SQL: SELECT `class_name` FROM `class` WHERE ( 1=1 AND id='69' ) LIMIT 1   [ RunTime:0.0004s ]
SQL: SELECT `class_name` FROM `class` WHERE ( 1=1 AND id='69' ) LIMIT 1   [ RunTime:0.0004s ]
SQL: SELECT `class_name` FROM `class` WHERE ( 1=1 AND id='69' ) LIMIT 1   [ RunTime:0.0004s ]
SQL: SELECT `class_name` FROM `class` WHERE ( 1=1 AND id='69' ) LIMIT 1   [ RunTime:0.0004s ]
SQL: SELECT `class_name` FROM `class` WHERE ( 1=1 AND id='69' ) LIMIT 1   [ RunTime:0.0004s ]
SQL: SELECT `class_name` FROM `class` WHERE ( 1=1 AND id='69' ) LIMIT 1   [ RunTime:0.0004s ]
SQL: SELECT `class_name` FROM `class` WHERE ( 1=1 AND id='69' ) LIMIT 1   [ RunTime:0.0004s ]
SQL: SELECT `class_name` FROM `class` WHERE ( 1=1 AND id='69' ) LIMIT 1   [ RunTime:0.0004s ]
SQL: SELECT `class_name` FROM `class` WHERE ( 1=1 AND id='69' ) LIMIT 1   [ RunTime:0.0004s ]
SQL: SELECT `class_name` FROM `class` WHERE ( 1=1 AND id='71' ) LIMIT 1   [ RunTime:0.0004s ]
SQL: SELECT `class_name` FROM `class` WHERE ( 1=1 AND id='71' ) LIMIT 1   [ RunTime:0.0004s ]
SQL: SELECT `class_name` FROM `class` WHERE ( 1=1 AND id='70' ) LIMIT 1   [ RunTime:0.0004s ]
SQL: SELECT `class_name` FROM `class` WHERE ( 1=1 AND id='71' ) LIMIT 1   [ RunTime:0.0004s ]
SQL: SELECT `class_name` FROM `class` WHERE ( 1=1 AND id='71' ) LIMIT 1   [ RunTime:0.0004s ]
SQL: SELECT `class_name` FROM `class` WHERE ( 1=1 AND id='73' ) LIMIT 1   [ RunTime:0.0004s ]
SQL: SELECT COUNT(*) AS tp_count FROM `user` LIMIT 1   [ RunTime:0.0004s ]

[ 2016-05-10T22:13:04+08:00 ] 114.254.67.158 /index.php/Admin/User/getList
INFO: [ app_init ] --START--
INFO: Run Behavior\BuildLiteBehavior [ RunTime:0.000014s ]
INFO: [ app_init ] --END-- [ RunTime:0.000090s ]
INFO: [ app_begin ] --START--
INFO: Run Behavior\ReadHtmlCacheBehavior [ RunTime:0.000030s ]
INFO: [ app_begin ] --END-- [ RunTime:0.000063s ]
SQL: SHOW COLUMNS FROM `user` [ RunTime:0.0013s ]
SQL: SHOW COLUMNS FROM `school` [ RunTime:0.0008s ]
SQL: SELECT `id`,`name` FROM `school`  [ RunTime:0.0004s ]
SQL: SELECT `id`,`nick_name`,`reg_time`,`group_id`,`school_id`,`class_id`,`last_login`,`last_ip` FROM `user` ORDER BY `reg_time` DESC LIMIT 20,20   [ RunTime:0.0006s ]
SQL: SHOW COLUMNS FROM `class` [ RunTime:0.0007s ]
SQL: SELECT `class_name` FROM `class` WHERE ( 1=1 AND id='73' ) LIMIT 1   [ RunTime:0.0004s ]
SQL: SELECT `class_name` FROM `class` WHERE ( 1=1 AND id='70' ) LIMIT 1   [ RunTime:0.0004s ]
SQL: SELECT `class_name` FROM `class` WHERE ( 1=1 AND id='69' ) LIMIT 1   [ RunTime:0.0004s ]
SQL: SELECT `class_name` FROM `class` WHERE ( 1=1 AND id='69' ) LIMIT 1   [ RunTime:0.0004s ]
SQL: SELECT `class_name` FROM `class` WHERE ( 1=1 AND id='69' ) LIMIT 1   [ RunTime:0.0004s ]
SQL: SELECT `class_name` FROM `class` WHERE ( 1=1 AND id='73' ) LIMIT 1   [ RunTime:0.0004s ]
SQL: SELECT `class_name` FROM `class` WHERE ( 1=1 AND id='69' ) LIMIT 1   [ RunTime:0.0004s ]
SQL: SELECT `class_name` FROM `class` WHERE ( 1=1 AND id='69' ) LIMIT 1   [ RunTime:0.0004s ]
SQL: SELECT `class_name` FROM `class` WHERE ( 1=1 AND id='70' ) LIMIT 1   [ RunTime:0.0004s ]
SQL: SELECT `class_name` FROM `class` WHERE ( 1=1 AND id='71' ) LIMIT 1   [ RunTime:0.0004s ]
SQL: SELECT `class_name` FROM `class` WHERE ( 1=1 AND id='69' ) LIMIT 1   [ RunTime:0.0004s ]
SQL: SELECT `class_name` FROM `class` WHERE ( 1=1 AND id='69' ) LIMIT 1   [ RunTime:0.0004s ]
SQL: SELECT `class_name` FROM `class` WHERE ( 1=1 AND id='69' ) LIMIT 1   [ RunTime:0.0004s ]
SQL: SELECT `class_name` FROM `class` WHERE ( 1=1 AND id='69' ) LIMIT 1   [ RunTime:0.0004s ]
SQL: SELECT `class_name` FROM `class` WHERE ( 1=1 AND id='69' ) LIMIT 1   [ RunTime:0.0004s ]
SQL: SELECT COUNT(*) AS tp_count FROM `user` LIMIT 1   [ RunTime:0.0004s ]

[ 2016-05-10T22:13:52+08:00 ] 114.254.67.158 /index.php/Admin/User/getList
INFO: [ app_init ] --START--
INFO: Run Behavior\BuildLiteBehavior [ RunTime:0.000014s ]
INFO: [ app_init ] --END-- [ RunTime:0.000086s ]
INFO: [ app_begin ] --START--
INFO: Run Behavior\ReadHtmlCacheBehavior [ RunTime:0.000032s ]
INFO: [ app_begin ] --END-- [ RunTime:0.000081s ]
SQL: SHOW COLUMNS FROM `user` [ RunTime:0.0013s ]
SQL: SHOW COLUMNS FROM `school` [ RunTime:0.0008s ]
SQL: SELECT `id`,`name` FROM `school`  [ RunTime:0.0004s ]
SQL: SELECT `id`,`nick_name`,`reg_time`,`group_id`,`school_id`,`class_id`,`last_login`,`last_ip` FROM `user` ORDER BY `reg_time` DESC LIMIT 0,20   [ RunTime:0.0009s ]
SQL: SHOW COLUMNS FROM `class` [ RunTime:0.0007s ]
SQL: SELECT `class_name` FROM `class` WHERE ( 1=1 AND id='71' ) LIMIT 1   [ RunTime:0.0005s ]
SQL: SELECT `class_name` FROM `class` WHERE ( 1=1 AND id='71' ) LIMIT 1   [ RunTime:0.0004s ]
SQL: SELECT `class_name` FROM `class` WHERE ( 1=1 AND id='71' ) LIMIT 1   [ RunTime:0.0004s ]
SQL: SELECT `class_name` FROM `class` WHERE ( 1=1 AND id='69' ) LIMIT 1   [ RunTime:0.0004s ]
SQL: SELECT `class_name` FROM `class` WHERE ( 1=1 AND id='70' ) LIMIT 1   [ RunTime:0.0004s ]
SQL: SELECT `class_name` FROM `class` WHERE ( 1=1 AND id='69' ) LIMIT 1   [ RunTime:0.0004s ]
SQL: SELECT `class_name` FROM `class` WHERE ( 1=1 AND id='69' ) LIMIT 1   [ RunTime:0.0004s ]
SQL: SELECT `class_name` FROM `class` WHERE ( 1=1 AND id='69' ) LIMIT 1   [ RunTime:0.0004s ]
SQL: SELECT `class_name` FROM `class` WHERE ( 1=1 AND id='69' ) LIMIT 1   [ RunTime:0.0004s ]
SQL: SELECT `class_name` FROM `class` WHERE ( 1=1 AND id='69' ) LIMIT 1   [ RunTime:0.0004s ]
SQL: SELECT `class_name` FROM `class` WHERE ( 1=1 AND id='69' ) LIMIT 1   [ RunTime:0.0004s ]
SQL: SELECT `class_name` FROM `class` WHERE ( 1=1 AND id='69' ) LIMIT 1   [ RunTime:0.0004s ]
SQL: SELECT `class_name` FROM `class` WHERE ( 1=1 AND id='69' ) LIMIT 1   [ RunTime:0.0004s ]
SQL: SELECT `class_name` FROM `class` WHERE ( 1=1 AND id='69' ) LIMIT 1   [ RunTime:0.0004s ]
SQL: SELECT `class_name` FROM `class` WHERE ( 1=1 AND id='71' ) LIMIT 1   [ RunTime:0.0005s ]
SQL: SELECT `class_name` FROM `class` WHERE ( 1=1 AND id='71' ) LIMIT 1   [ RunTime:0.0004s ]
SQL: SELECT `class_name` FROM `class` WHERE ( 1=1 AND id='70' ) LIMIT 1   [ RunTime:0.0004s ]
SQL: SELECT `class_name` FROM `class` WHERE ( 1=1 AND id='71' ) LIMIT 1   [ RunTime:0.0004s ]
SQL: SELECT `class_name` FROM `class` WHERE ( 1=1 AND id='71' ) LIMIT 1   [ RunTime:0.0004s ]
SQL: SELECT `class_name` FROM `class` WHERE ( 1=1 AND id='73' ) LIMIT 1   [ RunTime:0.0005s ]
SQL: SELECT COUNT(*) AS tp_count FROM `user` LIMIT 1   [ RunTime:0.0004s ]

[ 2016-05-10T22:13:53+08:00 ] 114.254.67.158 /index.php/Admin/User/getList
INFO: [ app_init ] --START--
INFO: Run Behavior\BuildLiteBehavior [ RunTime:0.000013s ]
INFO: [ app_init ] --END-- [ RunTime:0.000086s ]
INFO: [ app_begin ] --START--
INFO: Run Behavior\ReadHtmlCacheBehavior [ RunTime:0.000031s ]
INFO: [ app_begin ] --END-- [ RunTime:0.000065s ]
SQL: SHOW COLUMNS FROM `user` [ RunTime:0.0013s ]
SQL: SHOW COLUMNS FROM `school` [ RunTime:0.0008s ]
SQL: SELECT `id`,`name` FROM `school`  [ RunTime:0.0004s ]
SQL: SELECT `id`,`nick_name`,`reg_time`,`group_id`,`school_id`,`class_id`,`last_login`,`last_ip` FROM `user` ORDER BY `reg_time` DESC LIMIT 0,20   [ RunTime:0.0006s ]
SQL: SHOW COLUMNS FROM `class` [ RunTime:0.0007s ]
SQL: SELECT `class_name` FROM `class` WHERE ( 1=1 AND id='71' ) LIMIT 1   [ RunTime:0.0004s ]
SQL: SELECT `class_name` FROM `class` WHERE ( 1=1 AND id='71' ) LIMIT 1   [ RunTime:0.0004s ]
SQL: SELECT `class_name` FROM `class` WHERE ( 1=1 AND id='71' ) LIMIT 1   [ RunTime:0.0004s ]
SQL: SELECT `class_name` FROM `class` WHERE ( 1=1 AND id='69' ) LIMIT 1   [ RunTime:0.0004s ]
SQL: SELECT `class_name` FROM `class` WHERE ( 1=1 AND id='70' ) LIMIT 1   [ RunTime:0.0004s ]
SQL: SELECT `class_name` FROM `class` WHERE ( 1=1 AND id='69' ) LIMIT 1   [ RunTime:0.0004s ]
SQL: SELECT `class_name` FROM `class` WHERE ( 1=1 AND id='69' ) LIMIT 1   [ RunTime:0.0004s ]
SQL: SELECT `class_name` FROM `class` WHERE ( 1=1 AND id='69' ) LIMIT 1   [ RunTime:0.0004s ]
SQL: SELECT `class_name` FROM `class` WHERE ( 1=1 AND id='69' ) LIMIT 1   [ RunTime:0.0006s ]
SQL: SELECT `class_name` FROM `class` WHERE ( 1=1 AND id='69' ) LIMIT 1   [ RunTime:0.0004s ]
SQL: SELECT `class_name` FROM `class` WHERE ( 1=1 AND id='69' ) LIMIT 1   [ RunTime:0.0004s ]
SQL: SELECT `class_name` FROM `class` WHERE ( 1=1 AND id='69' ) LIMIT 1   [ RunTime:0.0004s ]
SQL: SELECT `class_name` FROM `class` WHERE ( 1=1 AND id='69' ) LIMIT 1   [ RunTime:0.0004s ]
SQL: SELECT `class_name` FROM `class` WHERE ( 1=1 AND id='69' ) LIMIT 1   [ RunTime:0.0004s ]
SQL: SELECT `class_name` FROM `class` WHERE ( 1=1 AND id='71' ) LIMIT 1   [ RunTime:0.0004s ]
SQL: SELECT `class_name` FROM `class` WHERE ( 1=1 AND id='71' ) LIMIT 1   [ RunTime:0.0005s ]
SQL: SELECT `class_name` FROM `class` WHERE ( 1=1 AND id='70' ) LIMIT 1   [ RunTime:0.0004s ]
SQL: SELECT `class_name` FROM `class` WHERE ( 1=1 AND id='71' ) LIMIT 1   [ RunTime:0.0004s ]
SQL: SELECT `class_name` FROM `class` WHERE ( 1=1 AND id='71' ) LIMIT 1   [ RunTime:0.0004s ]
SQL: SELECT `class_name` FROM `class` WHERE ( 1=1 AND id='73' ) LIMIT 1   [ RunTime:0.0004s ]
SQL: SELECT COUNT(*) AS tp_count FROM `user` LIMIT 1   [ RunTime:0.0004s ]

[ 2016-05-10T22:13:54+08:00 ] 114.254.67.158 /index.php/Admin/User/getList
INFO: [ app_init ] --START--
INFO: Run Behavior\BuildLiteBehavior [ RunTime:0.000013s ]
INFO: [ app_init ] --END-- [ RunTime:0.000084s ]
INFO: [ app_begin ] --START--
INFO: Run Behavior\ReadHtmlCacheBehavior [ RunTime:0.000030s ]
INFO: [ app_begin ] --END-- [ RunTime:0.000062s ]
SQL: SHOW COLUMNS FROM `user` [ RunTime:0.0013s ]
SQL: SHOW COLUMNS FROM `school` [ RunTime:0.0008s ]
SQL: SELECT `id`,`name` FROM `school`  [ RunTime:0.0004s ]
SQL: SELECT `id`,`nick_name`,`reg_time`,`group_id`,`school_id`,`class_id`,`last_login`,`last_ip` FROM `user` ORDER BY `reg_time` DESC LIMIT 0,20   [ RunTime:0.0006s ]
SQL: SHOW COLUMNS FROM `class` [ RunTime:0.0068s ]
SQL: SELECT `class_name` FROM `class` WHERE ( 1=1 AND id='71' ) LIMIT 1   [ RunTime:0.0005s ]
SQL: SELECT `class_name` FROM `class` WHERE ( 1=1 AND id='71' ) LIMIT 1   [ RunTime:0.0004s ]
SQL: SELECT `class_name` FROM `class` WHERE ( 1=1 AND id='71' ) LIMIT 1   [ RunTime:0.0004s ]
SQL: SELECT `class_name` FROM `class` WHERE ( 1=1 AND id='69' ) LIMIT 1   [ RunTime:0.0005s ]
SQL: SELECT `class_name` FROM `class` WHERE ( 1=1 AND id='70' ) LIMIT 1   [ RunTime:0.0004s ]
SQL: SELECT `class_name` FROM `class` WHERE ( 1=1 AND id='69' ) LIMIT 1   [ RunTime:0.0004s ]
SQL: SELECT `class_name` FROM `class` WHERE ( 1=1 AND id='69' ) LIMIT 1   [ RunTime:0.0004s ]
SQL: SELECT `class_name` FROM `class` WHERE ( 1=1 AND id='69' ) LIMIT 1   [ RunTime:0.0097s ]
SQL: SELECT `class_name` FROM `class` WHERE ( 1=1 AND id='69' ) LIMIT 1   [ RunTime:0.0005s ]
SQL: SELECT `class_name` FROM `class` WHERE ( 1=1 AND id='69' ) LIMIT 1   [ RunTime:0.0004s ]
SQL: SELECT `class_name` FROM `class` WHERE ( 1=1 AND id='69' ) LIMIT 1   [ RunTime:0.0004s ]
SQL: SELECT `class_name` FROM `class` WHERE ( 1=1 AND id='69' ) LIMIT 1   [ RunTime:0.0004s ]
SQL: SELECT `class_name` FROM `class` WHERE ( 1=1 AND id='69' ) LIMIT 1   [ RunTime:0.0004s ]
SQL: SELECT `class_name` FROM `class` WHERE ( 1=1 AND id='69' ) LIMIT 1   [ RunTime:0.0004s ]
SQL: SELECT `class_name` FROM `class` WHERE ( 1=1 AND id='71' ) LIMIT 1   [ RunTime:0.0004s ]
SQL: SELECT `class_name` FROM `class` WHERE ( 1=1 AND id='71' ) LIMIT 1   [ RunTime:0.0004s ]
SQL: SELECT `class_name` FROM `class` WHERE ( 1=1 AND id='70' ) LIMIT 1   [ RunTime:0.0004s ]
SQL: SELECT `class_name` FROM `class` WHERE ( 1=1 AND id='71' ) LIMIT 1   [ RunTime:0.0004s ]
SQL: SELECT `class_name` FROM `class` WHERE ( 1=1 AND id='71' ) LIMIT 1   [ RunTime:0.0004s ]
SQL: SELECT `class_name` FROM `class` WHERE ( 1=1 AND id='73' ) LIMIT 1   [ RunTime:0.0005s ]
SQL: SELECT COUNT(*) AS tp_count FROM `user` LIMIT 1   [ RunTime:0.0005s ]

