[ 2016-07-23T00:09:52+08:00 ] 127.0.0.1 /index.php/Admin/Index/index.html
INFO: [ app_init ] --START--
INFO: Run Behavior\BuildLiteBehavior [ RunTime:0.000015s ]
INFO: [ app_init ] --END-- [ RunTime:0.000448s ]
INFO: [ app_begin ] --START--
INFO: Run Behavior\ReadHtmlCacheBehavior [ RunTime:0.000685s ]
INFO: [ app_begin ] --END-- [ RunTime:0.000760s ]
SQL: SHOW COLUMNS FROM `auth_group_access` [ RunTime:0.0010s ]
SQL: SELECT `uid`,`group_id`,`title`,`rules` FROM auth_group_access a INNER JOIN auth_group g on a.group_id=g.id  WHERE ( a.uid='1' and g.status='1' )  [ RunTime:0.0005s ]
SQL: SHOW COLUMNS FROM `auth_rule` [ RunTime:0.0006s ]
SQL: SELECT `title` FROM `auth_rule` WHERE `id` IN ('1','11','4','')  [ RunTime:0.0003s ]

[ 2016-07-23T00:09:53+08:00 ] 127.0.0.1 /index.php/Admin/Index/index.html
INFO: [ app_init ] --START--
INFO: Run Behavior\BuildLiteBehavior [ RunTime:0.000015s ]
INFO: [ app_init ] --END-- [ RunTime:0.000386s ]
INFO: [ app_begin ] --START--
INFO: Run Behavior\ReadHtmlCacheBehavior [ RunTime:0.000487s ]
INFO: [ app_begin ] --END-- [ RunTime:0.000544s ]
SQL: SHOW COLUMNS FROM `auth_group_access` [ RunTime:0.0007s ]
SQL: SELECT `uid`,`group_id`,`title`,`rules` FROM auth_group_access a INNER JOIN auth_group g on a.group_id=g.id  WHERE ( a.uid='1' and g.status='1' )  [ RunTime:0.0004s ]
SQL: SHOW COLUMNS FROM `auth_rule` [ RunTime:0.0008s ]
SQL: SELECT `title` FROM `auth_rule` WHERE `id` IN ('1','11','4','')  [ RunTime:0.0004s ]

[ 2016-07-23T00:16:46+08:00 ] 127.0.0.1 /index.php/Admin/Index/index.html
INFO: [ app_init ] --START--
INFO: Run Behavior\BuildLiteBehavior [ RunTime:0.000015s ]
INFO: [ app_init ] --END-- [ RunTime:0.000453s ]
INFO: [ app_begin ] --START--
INFO: Run Behavior\ReadHtmlCacheBehavior [ RunTime:0.000647s ]
INFO: [ app_begin ] --END-- [ RunTime:0.000704s ]
SQL: SHOW COLUMNS FROM `auth_group_access` [ RunTime:0.0008s ]
SQL: SELECT `uid`,`group_id`,`title`,`rules` FROM auth_group_access a INNER JOIN auth_group g on a.group_id=g.id  WHERE ( a.uid='1' and g.status='1' )  [ RunTime:0.0005s ]
SQL: SHOW COLUMNS FROM `auth_rule` [ RunTime:0.0007s ]
SQL: SELECT `title` FROM `auth_rule` WHERE `id` IN ('1','11','4','')  [ RunTime:0.0005s ]

[ 2016-07-23T00:16:47+08:00 ] 127.0.0.1 /index.php/Admin/Index/index.html
INFO: [ app_init ] --START--
INFO: Run Behavior\BuildLiteBehavior [ RunTime:0.000015s ]
INFO: [ app_init ] --END-- [ RunTime:0.000396s ]
INFO: [ app_begin ] --START--
INFO: Run Behavior\ReadHtmlCacheBehavior [ RunTime:0.000497s ]
INFO: [ app_begin ] --END-- [ RunTime:0.000552s ]
SQL: SHOW COLUMNS FROM `auth_group_access` [ RunTime:0.0009s ]
SQL: SELECT `uid`,`group_id`,`title`,`rules` FROM auth_group_access a INNER JOIN auth_group g on a.group_id=g.id  WHERE ( a.uid='1' and g.status='1' )  [ RunTime:0.0005s ]
SQL: SHOW COLUMNS FROM `auth_rule` [ RunTime:0.0006s ]
SQL: SELECT `title` FROM `auth_rule` WHERE `id` IN ('1','11','4','')  [ RunTime:0.0003s ]

[ 2016-07-23T00:18:21+08:00 ] 127.0.0.1 /index.php/Admin/Index/index.html
INFO: [ app_init ] --START--
INFO: Run Behavior\BuildLiteBehavior [ RunTime:0.000022s ]
INFO: [ app_init ] --END-- [ RunTime:0.000682s ]
INFO: [ app_begin ] --START--
INFO: Run Behavior\ReadHtmlCacheBehavior [ RunTime:0.000897s ]
INFO: [ app_begin ] --END-- [ RunTime:0.000989s ]
SQL: SHOW COLUMNS FROM `auth_group_access` [ RunTime:0.0011s ]
SQL: SELECT `uid`,`group_id`,`title`,`rules` FROM auth_group_access a INNER JOIN auth_group g on a.group_id=g.id  WHERE ( a.uid='1' and g.status='1' )  [ RunTime:0.0006s ]
SQL: SHOW COLUMNS FROM `auth_rule` [ RunTime:0.0008s ]
SQL: SELECT `title` FROM `auth_rule` WHERE `id` IN ('1','11','4','')  [ RunTime:0.0004s ]
SQL: SHOW COLUMNS FROM `nav` [ RunTime:0.0015s ]
SQL: SELECT `id`,`text`,`state`,`iconCls`,`url` FROM `nav` WHERE `nid` = 0  [ RunTime:0.0004s ]
SQL: SHOW COLUMNS FROM `nav` [ RunTime:0.0007s ]
SQL: SELECT * FROM `nav` WHERE `nid` = 1  [ RunTime:0.0003s ]
SQL: SELECT * FROM `nav` WHERE `nid` = 11  [ RunTime:0.0003s ]
SQL: SELECT * FROM `nav` WHERE `nid` = 4  [ RunTime:0.0003s ]
INFO: [ view_parse ] --START--
INFO: [ template_filter ] --START--
INFO: Run Behavior\ContentReplaceBehavior [ RunTime:0.000293s ]
INFO: [ template_filter ] --END-- [ RunTime:0.000386s ]
INFO: Run Behavior\ParseTemplateBehavior [ RunTime:0.058752s ]
INFO: [ view_parse ] --END-- [ RunTime:0.058835s ]
INFO: [ view_filter ] --START--
INFO: Run Behavior\WriteHtmlCacheBehavior [ RunTime:0.000365s ]
INFO: [ view_filter ] --END-- [ RunTime:0.000401s ]
INFO: [ app_end ] --START--
INFO: Run Behavior\ShowPageTraceBehavior [ RunTime:0.001253s ]
INFO: [ app_end ] --END-- [ RunTime:0.001430s ]

[ 2016-07-23T00:26:46+08:00 ] 127.0.0.1 /index.php/Admin/Index/index.html
INFO: [ app_init ] --START--
INFO: Run Behavior\BuildLiteBehavior [ RunTime:0.000019s ]
INFO: [ app_init ] --END-- [ RunTime:0.000575s ]
INFO: [ app_begin ] --START--
INFO: Run Behavior\ReadHtmlCacheBehavior [ RunTime:0.000749s ]
INFO: [ app_begin ] --END-- [ RunTime:0.000823s ]
SQL: SHOW COLUMNS FROM `auth_group_access` [ RunTime:0.0009s ]
SQL: SELECT `uid`,`group_id`,`title`,`rules` FROM auth_group_access a INNER JOIN auth_group g on a.group_id=g.id  WHERE ( a.uid='1' and g.status='1' )  [ RunTime:0.0007s ]
SQL: SHOW COLUMNS FROM `auth_rule` [ RunTime:0.0007s ]
SQL: SELECT `title` FROM `auth_rule` WHERE `id` IN ('1','11','4','')  [ RunTime:0.0004s ]
SQL: SHOW COLUMNS FROM `nav` [ RunTime:0.0044s ]
SQL: SELECT `id`,`text`,`state`,`iconCls`,`url` FROM `nav` WHERE `nid` = 0  [ RunTime:0.0004s ]
SQL: SHOW COLUMNS FROM `nav` [ RunTime:0.0008s ]
SQL: SELECT * FROM `nav` WHERE `nid` = 1  [ RunTime:0.0002s ]
SQL: SELECT * FROM `nav` WHERE `nid` = 11  [ RunTime:0.0001s ]
SQL: SELECT * FROM `nav` WHERE `nid` = 4  [ RunTime:0.0002s ]
INFO: [ view_parse ] --START--
INFO: [ template_filter ] --START--
INFO: Run Behavior\ContentReplaceBehavior [ RunTime:0.000225s ]
INFO: [ template_filter ] --END-- [ RunTime:0.000275s ]
INFO: Run Behavior\ParseTemplateBehavior [ RunTime:0.042008s ]
INFO: [ view_parse ] --END-- [ RunTime:0.042069s ]
INFO: [ view_filter ] --START--
INFO: Run Behavior\WriteHtmlCacheBehavior [ RunTime:0.000357s ]
INFO: [ view_filter ] --END-- [ RunTime:0.000392s ]
INFO: [ app_end ] --START--
INFO: Run Behavior\ShowPageTraceBehavior [ RunTime:0.000991s ]
INFO: [ app_end ] --END-- [ RunTime:0.001105s ]

[ 2016-07-23T00:26:51+08:00 ] 127.0.0.1 /index.php/Admin/AuthGroup/index/
INFO: [ app_init ] --START--
INFO: Run Behavior\BuildLiteBehavior [ RunTime:0.000024s ]
INFO: [ app_init ] --END-- [ RunTime:0.000645s ]
INFO: [ app_begin ] --START--
INFO: Run Behavior\ReadHtmlCacheBehavior [ RunTime:0.000899s ]
INFO: [ app_begin ] --END-- [ RunTime:0.001001s ]
SQL: SHOW COLUMNS FROM `auth_group` [ RunTime:0.0185s ]
SQL: SELECT COUNT(*) AS tp_count FROM `auth_group` LIMIT 1   [ RunTime:0.0002s ]
NOTIC: [8] Undefined variable: _pagelist E:\phptools\Apache24\htdocs\zzb\Application\Admin\Common\function.php 第 16 行.
SQL: SELECT * FROM `auth_group` LIMIT 0,10   [ RunTime:0.0002s ]
SQL: SHOW COLUMNS FROM `auth_rule` [ RunTime:0.0005s ]
SQL: SELECT * FROM `auth_rule` WHERE `id` = 1 LIMIT 1   [ RunTime:0.0003s ]
SQL: SELECT * FROM `auth_rule` WHERE `id` = 11 LIMIT 1   [ RunTime:0.0002s ]
SQL: SELECT * FROM `auth_rule` WHERE `id` = 4 LIMIT 1   [ RunTime:0.0002s ]
SQL: SELECT * FROM `auth_rule` WHERE `id` = 0 LIMIT 1   [ RunTime:0.0001s ]
SQL: SELECT * FROM `auth_rule` WHERE `id` = 2 LIMIT 1   [ RunTime:0.0002s ]
SQL: SELECT * FROM `auth_rule`  [ RunTime:0.0002s ]
INFO: [ view_parse ] --START--
INFO: [ template_filter ] --START--
INFO: Run Behavior\ContentReplaceBehavior [ RunTime:0.000123s ]
INFO: [ template_filter ] --END-- [ RunTime:0.000168s ]
INFO: Run Behavior\ParseTemplateBehavior [ RunTime:0.035604s ]
INFO: [ view_parse ] --END-- [ RunTime:0.035664s ]
INFO: [ view_filter ] --START--
INFO: Run Behavior\WriteHtmlCacheBehavior [ RunTime:0.000372s ]
INFO: [ view_filter ] --END-- [ RunTime:0.000418s ]
INFO: [ app_end ] --START--
INFO: Run Behavior\ShowPageTraceBehavior [ RunTime:0.000522s ]
INFO: [ app_end ] --END-- [ RunTime:0.000570s ]

[ 2016-07-23T00:27:00+08:00 ] 127.0.0.1 /index.php/Admin/AuthGroup/getAuthGroup
INFO: [ app_init ] --START--
INFO: Run Behavior\BuildLiteBehavior [ RunTime:0.000014s ]
INFO: [ app_init ] --END-- [ RunTime:0.000392s ]
INFO: [ app_begin ] --START--
INFO: Run Behavior\ReadHtmlCacheBehavior [ RunTime:0.000509s ]
INFO: [ app_begin ] --END-- [ RunTime:0.000562s ]
SQL: SHOW COLUMNS FROM `auth_group` [ RunTime:0.0007s ]
SQL: SHOW COLUMNS FROM `auth_rule` [ RunTime:0.0006s ]
SQL: SHOW COLUMNS FROM `nav` [ RunTime:0.0008s ]
SQL: SELECT * FROM `auth_group` WHERE `id` = 1 LIMIT 1   [ RunTime:0.0003s ]
SQL: SELECT `title` FROM `auth_rule` WHERE `id` IN ('1','11','4','')  [ RunTime:0.0003s ]
SQL: SELECT `id` FROM `nav` WHERE `text` IN ('管理员管理','权限控制')  [ RunTime:0.0003s ]

[ 2016-07-23T11:14:45+08:00 ] 127.0.0.1 /index.php/Admin/Index/index.html
INFO: [ app_init ] --START--
INFO: Run Behavior\BuildLiteBehavior [ RunTime:0.000029s ]
INFO: [ app_init ] --END-- [ RunTime:0.000480s ]
INFO: [ app_begin ] --START--
INFO: Run Behavior\ReadHtmlCacheBehavior [ RunTime:0.000471s ]
INFO: [ app_begin ] --END-- [ RunTime:0.000529s ]

[ 2016-07-23T11:14:46+08:00 ] 127.0.0.1 /index.php/Admin/Login/index.html
INFO: [ app_init ] --START--
INFO: Run Behavior\BuildLiteBehavior [ RunTime:0.000027s ]
INFO: [ app_init ] --END-- [ RunTime:0.000746s ]
INFO: [ app_begin ] --START--
INFO: Run Behavior\ReadHtmlCacheBehavior [ RunTime:0.000839s ]
INFO: [ app_begin ] --END-- [ RunTime:0.000955s ]
INFO: [ view_parse ] --START--
INFO: [ template_filter ] --START--
INFO: Run Behavior\ContentReplaceBehavior [ RunTime:0.000086s ]
INFO: [ template_filter ] --END-- [ RunTime:0.000152s ]
INFO: Run Behavior\ParseTemplateBehavior [ RunTime:0.032701s ]
INFO: [ view_parse ] --END-- [ RunTime:0.032773s ]
INFO: [ view_filter ] --START--
INFO: Run Behavior\WriteHtmlCacheBehavior [ RunTime:0.000391s ]
INFO: [ view_filter ] --END-- [ RunTime:0.000439s ]
INFO: [ app_end ] --START--
INFO: Run Behavior\ShowPageTraceBehavior [ RunTime:0.000495s ]
INFO: [ app_end ] --END-- [ RunTime:0.000553s ]

[ 2016-07-23T11:14:54+08:00 ] 127.0.0.1 /index.php/Admin/Login/checkManager
INFO: [ app_init ] --START--
INFO: Run Behavior\BuildLiteBehavior [ RunTime:0.000015s ]
INFO: [ app_init ] --END-- [ RunTime:0.000673s ]
INFO: [ app_begin ] --START--
INFO: Run Behavior\ReadHtmlCacheBehavior [ RunTime:0.000638s ]
INFO: [ app_begin ] --END-- [ RunTime:0.000699s ]
SQL: SHOW COLUMNS FROM `manage` [ RunTime:0.0015s ]
NOTIC: [8] Undefined index: validate E:\phptools\Apache24\htdocs\zzb\ThinkPHP\Library\Think\Model.class.php 第 1185 行.
NOTIC: [8] Undefined index: auto E:\phptools\Apache24\htdocs\zzb\ThinkPHP\Library\Think\Model.class.php 第 1128 行.
SQL: SELECT `id`,`manager` FROM `manage` WHERE `manager` = 'admin' AND `password` = '7c4a8d09ca3762af61e59520943dc26494f8941b' LIMIT 1   [ RunTime:0.0004s ]
SQL: UPDATE `manage` SET `last_login`='1469243694',`last_ip`='2130706433' WHERE `id` = 1 [ RunTime:0.0004s ]
INFO: [ app_end ] --START--
INFO: Run Behavior\ShowPageTraceBehavior [ RunTime:0.000746s ]
INFO: [ app_end ] --END-- [ RunTime:0.000795s ]

[ 2016-07-23T11:14:54+08:00 ] 127.0.0.1 /index.php/Admin/Index/index.html
INFO: [ app_init ] --START--
INFO: Run Behavior\BuildLiteBehavior [ RunTime:0.000017s ]
INFO: [ app_init ] --END-- [ RunTime:0.000415s ]
INFO: [ app_begin ] --START--
INFO: Run Behavior\ReadHtmlCacheBehavior [ RunTime:0.000404s ]
INFO: [ app_begin ] --END-- [ RunTime:0.000480s ]
SQL: SHOW COLUMNS FROM `auth_group_access` [ RunTime:0.0010s ]
SQL: SELECT `uid`,`group_id`,`title`,`rules` FROM auth_group_access a INNER JOIN auth_group g on a.group_id=g.id  WHERE ( a.uid='1' and g.status='1' )  [ RunTime:0.0005s ]
SQL: SHOW COLUMNS FROM `auth_rule` [ RunTime:0.0006s ]
SQL: SELECT `title` FROM `auth_rule` WHERE `id` IN ('1','11','4','')  [ RunTime:0.0004s ]
SQL: SHOW COLUMNS FROM `nav` [ RunTime:0.0010s ]
SQL: SELECT `id`,`text`,`state`,`iconCls`,`url` FROM `nav` WHERE `nid` = 0  [ RunTime:0.0005s ]
SQL: SHOW COLUMNS FROM `nav` [ RunTime:0.0015s ]
SQL: SELECT * FROM `nav` WHERE `nid` = 1  [ RunTime:0.0005s ]
SQL: SELECT * FROM `nav` WHERE `nid` = 11  [ RunTime:0.0004s ]
SQL: SELECT * FROM `nav` WHERE `nid` = 4  [ RunTime:0.0003s ]
INFO: [ view_parse ] --START--
INFO: [ template_filter ] --START--
INFO: Run Behavior\ContentReplaceBehavior [ RunTime:0.000236s ]
INFO: [ template_filter ] --END-- [ RunTime:0.000291s ]
INFO: Run Behavior\ParseTemplateBehavior [ RunTime:0.052740s ]
INFO: [ view_parse ] --END-- [ RunTime:0.052809s ]
INFO: [ view_filter ] --START--
INFO: Run Behavior\WriteHtmlCacheBehavior [ RunTime:0.000368s ]
INFO: [ view_filter ] --END-- [ RunTime:0.000406s ]
INFO: [ app_end ] --START--
INFO: Run Behavior\ShowPageTraceBehavior [ RunTime:0.000725s ]
INFO: [ app_end ] --END-- [ RunTime:0.000886s ]

[ 2016-07-23T11:23:22+08:00 ] 127.0.0.1 /index.php/Admin/Index/index.html
INFO: [ app_init ] --START--
INFO: Run Behavior\BuildLiteBehavior [ RunTime:0.000013s ]
INFO: [ app_init ] --END-- [ RunTime:0.000374s ]
INFO: [ app_begin ] --START--
INFO: Run Behavior\ReadHtmlCacheBehavior [ RunTime:0.000537s ]
INFO: [ app_begin ] --END-- [ RunTime:0.000584s ]
SQL: SHOW COLUMNS FROM `auth_group_access` [ RunTime:0.0037s ]
SQL: SELECT `uid`,`group_id`,`title`,`rules` FROM auth_group_access a INNER JOIN auth_group g on a.group_id=g.id  WHERE ( a.uid='1' and g.status='1' )  [ RunTime:0.0034s ]
SQL: SHOW COLUMNS FROM `auth_rule` [ RunTime:0.0091s ]
SQL: SELECT `title` FROM `auth_rule` WHERE `id` IN ('1','2','5','6','7')  [ RunTime:0.0004s ]
SQL: SHOW COLUMNS FROM `nav` [ RunTime:0.0038s ]
SQL: SELECT `id`,`text`,`state`,`iconCls`,`url` FROM `nav` WHERE `nid` = 0 AND `text` IN ('系统管理','会员管理','习惯库管理','学校管理','代理商')  [ RunTime:0.0003s ]
SQL: SHOW COLUMNS FROM `nav` [ RunTime:0.0005s ]
SQL: SELECT * FROM `nav` WHERE `nid` = 1  [ RunTime:0.0003s ]
SQL: SELECT * FROM `nav` WHERE `nid` = 11  [ RunTime:0.0003s ]
SQL: SELECT * FROM `nav` WHERE `nid` = 4  [ RunTime:0.0002s ]
SQL: SELECT * FROM `nav` WHERE `nid` = 14  [ RunTime:0.0002s ]
SQL: SELECT * FROM `nav` WHERE `nid` = 20  [ RunTime:0.0001s ]
INFO: [ view_parse ] --START--
INFO: [ template_filter ] --START--
INFO: Run Behavior\ContentReplaceBehavior [ RunTime:0.000225s ]
INFO: [ template_filter ] --END-- [ RunTime:0.000282s ]
INFO: Run Behavior\ParseTemplateBehavior [ RunTime:0.048133s ]
INFO: [ view_parse ] --END-- [ RunTime:0.048203s ]
INFO: [ view_filter ] --START--
INFO: Run Behavior\WriteHtmlCacheBehavior [ RunTime:0.000542s ]
INFO: [ view_filter ] --END-- [ RunTime:0.000603s ]
INFO: [ app_end ] --START--
INFO: Run Behavior\ShowPageTraceBehavior [ RunTime:0.000922s ]
INFO: [ app_end ] --END-- [ RunTime:0.001017s ]

[ 2016-07-23T11:23:34+08:00 ] 127.0.0.1 /index.php/Admin/AuthGroup/index
INFO: [ app_init ] --START--
INFO: Run Behavior\BuildLiteBehavior [ RunTime:0.000015s ]
INFO: [ app_init ] --END-- [ RunTime:0.000440s ]
INFO: [ app_begin ] --START--
INFO: Run Behavior\ReadHtmlCacheBehavior [ RunTime:0.000671s ]
INFO: [ app_begin ] --END-- [ RunTime:0.000725s ]
SQL: SHOW COLUMNS FROM `auth_group` [ RunTime:0.0013s ]
SQL: SELECT COUNT(*) AS tp_count FROM `auth_group` LIMIT 1   [ RunTime:0.0002s ]
NOTIC: [8] Undefined variable: _pagelist E:\phptools\Apache24\htdocs\zzb\Application\Admin\Common\function.php 第 16 行.
SQL: SELECT * FROM `auth_group` LIMIT 0,10   [ RunTime:0.0003s ]
SQL: SHOW COLUMNS FROM `auth_rule` [ RunTime:0.0010s ]
SQL: SELECT * FROM `auth_rule` WHERE `id` = 1 LIMIT 1   [ RunTime:0.0003s ]
SQL: SELECT * FROM `auth_rule` WHERE `id` = 2 LIMIT 1   [ RunTime:0.0003s ]
SQL: SELECT * FROM `auth_rule` WHERE `id` = 5 LIMIT 1   [ RunTime:0.0003s ]
SQL: SELECT * FROM `auth_rule` WHERE `id` = 6 LIMIT 1   [ RunTime:0.0003s ]
SQL: SELECT * FROM `auth_rule` WHERE `id` = 7 LIMIT 1   [ RunTime:0.0003s ]
SQL: SELECT * FROM `auth_rule` WHERE `id` = 5 LIMIT 1   [ RunTime:0.0002s ]
SQL: SELECT * FROM `auth_rule` WHERE `id` = 6 LIMIT 1   [ RunTime:0.0003s ]
SQL: SELECT * FROM `auth_rule`  [ RunTime:0.0002s ]
INFO: [ view_parse ] --START--
INFO: [ template_filter ] --START--
INFO: Run Behavior\ContentReplaceBehavior [ RunTime:0.000112s ]
INFO: [ template_filter ] --END-- [ RunTime:0.000157s ]
INFO: Run Behavior\ParseTemplateBehavior [ RunTime:0.026889s ]
INFO: [ view_parse ] --END-- [ RunTime:0.026957s ]
INFO: [ view_filter ] --START--
INFO: Run Behavior\WriteHtmlCacheBehavior [ RunTime:0.000370s ]
INFO: [ view_filter ] --END-- [ RunTime:0.000403s ]
INFO: [ app_end ] --START--
INFO: Run Behavior\ShowPageTraceBehavior [ RunTime:0.000473s ]
INFO: [ app_end ] --END-- [ RunTime:0.000507s ]

